{"/home/cynthia/Documents/Free-Mentors-master/index.js":{"path":"/home/cynthia/Documents/Free-Mentors-master/index.js","statementMap":{"0":{"start":{"line":3,"column":0},"end":{"line":5,"column":3}},"1":{"start":{"line":6,"column":0},"end":{"line":6,"column":28}},"2":{"start":{"line":8,"column":15},"end":{"line":8,"column":57}},"3":{"start":{"line":10,"column":18},"end":{"line":10,"column":64}},"4":{"start":{"line":12,"column":13},"end":{"line":12,"column":62}},"5":{"start":{"line":14,"column":10},"end":{"line":14,"column":49}},"6":{"start":{"line":16,"column":39},"end":{"line":16,"column":95}},"7":{"start":{"line":18,"column":10},"end":{"line":18,"column":36}},"8":{"start":{"line":19,"column":11},"end":{"line":19,"column":35}},"9":{"start":{"line":22,"column":0},"end":{"line":22,"column":34}},"10":{"start":{"line":24,"column":0},"end":{"line":24,"column":37}},"11":{"start":{"line":35,"column":0},"end":{"line":37,"column":4}},"12":{"start":{"line":38,"column":0},"end":{"line":38,"column":39}},"13":{"start":{"line":39,"column":0},"end":{"line":39,"column":32}},"14":{"start":{"line":40,"column":0},"end":{"line":42,"column":3}},"15":{"start":{"line":41,"column":2},"end":{"line":41,"column":56}},"16":{"start":{"line":43,"column":15},"end":{"line":43,"column":18}},"17":{"start":{"line":44,"column":0},"end":{"line":44,"column":30}}},"fnMap":{"0":{"name":"_interopRequireDefault","decl":{"start":{"line":16,"column":9},"end":{"line":16,"column":31}},"loc":{"start":{"line":16,"column":37},"end":{"line":16,"column":97}},"line":16},"1":{"name":"(anonymous_1)","decl":{"start":{"line":40,"column":17},"end":{"line":40,"column":18}},"loc":{"start":{"line":40,"column":29},"end":{"line":42,"column":1}},"line":40}},"branchMap":{"0":{"loc":{"start":{"line":16,"column":46},"end":{"line":16,"column":94}},"type":"cond-expr","locations":[{"start":{"line":16,"column":70},"end":{"line":16,"column":73}},{"start":{"line":16,"column":76},"end":{"line":16,"column":94}}],"line":16},"1":{"loc":{"start":{"line":16,"column":46},"end":{"line":16,"column":67}},"type":"binary-expr","locations":[{"start":{"line":16,"column":46},"end":{"line":16,"column":49}},{"start":{"line":16,"column":53},"end":{"line":16,"column":67}}],"line":16},"2":{"loc":{"start":{"line":19,"column":11},"end":{"line":19,"column":35}},"type":"binary-expr","locations":[{"start":{"line":19,"column":11},"end":{"line":19,"column":27}},{"start":{"line":19,"column":31},"end":{"line":19,"column":35}}],"line":19}},"s":{"0":1,"1":1,"2":1,"3":1,"4":1,"5":1,"6":4,"7":1,"8":1,"9":1,"10":1,"11":1,"12":1,"13":1,"14":1,"15":0,"16":1,"17":1},"f":{"0":4,"1":0},"b":{"0":[2,2],"1":[4,4],"2":[1,1]},"_coverageSchema":"43e27e138ebf9cfc5966b082cf9a028302ed4184","hash":"e099df6b276b906afd4198718b3adbf84af91366","contentHash":"ffb8cc11d3012f88ecc30a27aa5a60a018aa2e0e6de499ce19b1b57794df5cca"},"/home/cynthia/Documents/Free-Mentors-master/routes/index.js":{"path":"/home/cynthia/Documents/Free-Mentors-master/routes/index.js","statementMap":{"0":{"start":{"line":3,"column":0},"end":{"line":5,"column":3}},"1":{"start":{"line":6,"column":0},"end":{"line":6,"column":28}},"2":{"start":{"line":8,"column":15},"end":{"line":8,"column":57}},"3":{"start":{"line":10,"column":18},"end":{"line":10,"column":64}},"4":{"start":{"line":12,"column":12},"end":{"line":12,"column":53}},"5":{"start":{"line":14,"column":15},"end":{"line":14,"column":59}},"6":{"start":{"line":16,"column":16},"end":{"line":16,"column":61}},"7":{"start":{"line":18,"column":13},"end":{"line":18,"column":55}},"8":{"start":{"line":20,"column":39},"end":{"line":20,"column":95}},"9":{"start":{"line":22,"column":13},"end":{"line":22,"column":39}},"10":{"start":{"line":23,"column":0},"end":{"line":23,"column":45}},"11":{"start":{"line":24,"column":0},"end":{"line":24,"column":46}},"12":{"start":{"line":25,"column":0},"end":{"line":25,"column":51}},"13":{"start":{"line":26,"column":0},"end":{"line":26,"column":53}},"14":{"start":{"line":27,"column":15},"end":{"line":27,"column":21}},"15":{"start":{"line":28,"column":0},"end":{"line":28,"column":30}}},"fnMap":{"0":{"name":"_interopRequireDefault","decl":{"start":{"line":20,"column":9},"end":{"line":20,"column":31}},"loc":{"start":{"line":20,"column":37},"end":{"line":20,"column":97}},"line":20}},"branchMap":{"0":{"loc":{"start":{"line":20,"column":46},"end":{"line":20,"column":94}},"type":"cond-expr","locations":[{"start":{"line":20,"column":70},"end":{"line":20,"column":73}},{"start":{"line":20,"column":76},"end":{"line":20,"column":94}}],"line":20},"1":{"loc":{"start":{"line":20,"column":46},"end":{"line":20,"column":67}},"type":"binary-expr","locations":[{"start":{"line":20,"column":46},"end":{"line":20,"column":49}},{"start":{"line":20,"column":53},"end":{"line":20,"column":67}}],"line":20}},"s":{"0":1,"1":1,"2":1,"3":1,"4":1,"5":1,"6":1,"7":1,"8":6,"9":1,"10":1,"11":1,"12":1,"13":1,"14":1,"15":1},"f":{"0":6},"b":{"0":[4,2],"1":[6,6]},"_coverageSchema":"43e27e138ebf9cfc5966b082cf9a028302ed4184","hash":"b51768730a3acc2ee3249319a29ed1a3719c8a69","contentHash":"d6bf839b72e8dac3104b0b6f32a3d47202d81858cb0f2d221e2304dbda0e2e7c"},"/home/cynthia/Documents/Free-Mentors-master/routes/auth.js":{"path":"/home/cynthia/Documents/Free-Mentors-master/routes/auth.js","statementMap":{"0":{"start":{"line":3,"column":0},"end":{"line":5,"column":3}},"1":{"start":{"line":6,"column":0},"end":{"line":6,"column":28}},"2":{"start":{"line":8,"column":15},"end":{"line":8,"column":57}},"3":{"start":{"line":10,"column":13},"end":{"line":10,"column":67}},"4":{"start":{"line":12,"column":17},"end":{"line":12,"column":75}},"5":{"start":{"line":14,"column":14},"end":{"line":14,"column":55}},"6":{"start":{"line":16,"column":12},"end":{"line":16,"column":66}},"7":{"start":{"line":18,"column":39},"end":{"line":18,"column":95}},"8":{"start":{"line":20,"column":13},"end":{"line":20,"column":41}},"9":{"start":{"line":23,"column":0},"end":{"line":23,"column":105}},"10":{"start":{"line":24,"column":0},"end":{"line":24,"column":105}},"11":{"start":{"line":25,"column":15},"end":{"line":25,"column":21}},"12":{"start":{"line":26,"column":0},"end":{"line":26,"column":30}}},"fnMap":{"0":{"name":"_interopRequireDefault","decl":{"start":{"line":18,"column":9},"end":{"line":18,"column":31}},"loc":{"start":{"line":18,"column":37},"end":{"line":18,"column":97}},"line":18}},"branchMap":{"0":{"loc":{"start":{"line":18,"column":46},"end":{"line":18,"column":94}},"type":"cond-expr","locations":[{"start":{"line":18,"column":70},"end":{"line":18,"column":73}},{"start":{"line":18,"column":76},"end":{"line":18,"column":94}}],"line":18},"1":{"loc":{"start":{"line":18,"column":46},"end":{"line":18,"column":67}},"type":"binary-expr","locations":[{"start":{"line":18,"column":46},"end":{"line":18,"column":49}},{"start":{"line":18,"column":53},"end":{"line":18,"column":67}}],"line":18}},"s":{"0":1,"1":1,"2":1,"3":1,"4":1,"5":1,"6":1,"7":5,"8":1,"9":1,"10":1,"11":1,"12":1},"f":{"0":5},"b":{"0":[3,2],"1":[5,5]},"_coverageSchema":"43e27e138ebf9cfc5966b082cf9a028302ed4184","hash":"e739f28472ff00a1f5ed1a8648c2bdfbb0e7284d","contentHash":"16e091d47b3576302fb08010c13193e1b9759fff7c1b12bb95b642a8caac3f48"},"/home/cynthia/Documents/Free-Mentors-master/middleware/authV.js":{"path":"/home/cynthia/Documents/Free-Mentors-master/middleware/authV.js","statementMap":{"0":{"start":{"line":3,"column":0},"end":{"line":5,"column":3}},"1":{"start":{"line":6,"column":0},"end":{"line":6,"column":28}},"2":{"start":{"line":8,"column":11},"end":{"line":8,"column":49}},"3":{"start":{"line":10,"column":20},"end":{"line":10,"column":67}},"4":{"start":{"line":12,"column":39},"end":{"line":12,"column":95}},"5":{"start":{"line":14,"column":50},"end":{"line":14,"column":151}},"6":{"start":{"line":14,"column":92},"end":{"line":14,"column":149}},"7":{"start":{"line":16,"column":44},"end":{"line":16,"column":315}},"8":{"start":{"line":16,"column":57},"end":{"line":16,"column":58}},"9":{"start":{"line":16,"column":102},"end":{"line":16,"column":110}},"10":{"start":{"line":16,"column":112},"end":{"line":16,"column":167}},"11":{"start":{"line":16,"column":168},"end":{"line":16,"column":199}},"12":{"start":{"line":16,"column":200},"end":{"line":16,"column":254}},"13":{"start":{"line":16,"column":227},"end":{"line":16,"column":254}},"14":{"start":{"line":16,"column":255},"end":{"line":16,"column":313}},"15":{"start":{"line":18,"column":62},"end":{"line":18,"column":131}},"16":{"start":{"line":18,"column":78},"end":{"line":18,"column":131}},"17":{"start":{"line":18,"column":132},"end":{"line":18,"column":193}},"18":{"start":{"line":18,"column":149},"end":{"line":18,"column":193}},"19":{"start":{"line":18,"column":194},"end":{"line":18,"column":213}},"20":{"start":{"line":22,"column":0},"end":{"line":82,"column":3}},"21":{"start":{"line":24,"column":4},"end":{"line":24,"column":39}},"22":{"start":{"line":27,"column":2},"end":{"line":79,"column":6}},"23":{"start":{"line":30,"column":27},"end":{"line":42,"column":7}},"24":{"start":{"line":31,"column":21},"end":{"line":40,"column":9}},"25":{"start":{"line":41,"column":8},"end":{"line":41,"column":58}},"26":{"start":{"line":44,"column":28},"end":{"line":44,"column":56}},"27":{"start":{"line":45,"column":18},"end":{"line":45,"column":39}},"28":{"start":{"line":47,"column":6},"end":{"line":52,"column":7}},"29":{"start":{"line":48,"column":8},"end":{"line":51,"column":11}},"30":{"start":{"line":54,"column":6},"end":{"line":54,"column":13}},"31":{"start":{"line":59,"column":27},"end":{"line":65,"column":7}},"32":{"start":{"line":60,"column":21},"end":{"line":63,"column":9}},"33":{"start":{"line":64,"column":8},"end":{"line":64,"column":58}},"34":{"start":{"line":67,"column":28},"end":{"line":67,"column":56}},"35":{"start":{"line":68,"column":18},"end":{"line":68,"column":39}},"36":{"start":{"line":70,"column":6},"end":{"line":75,"column":7}},"37":{"start":{"line":71,"column":8},"end":{"line":74,"column":11}},"38":{"start":{"line":77,"column":6},"end":{"line":77,"column":13}},"39":{"start":{"line":81,"column":2},"end":{"line":81,"column":21}},"40":{"start":{"line":84,"column":15},"end":{"line":84,"column":26}},"41":{"start":{"line":85,"column":0},"end":{"line":85,"column":30}}},"fnMap":{"0":{"name":"_interopRequireDefault","decl":{"start":{"line":12,"column":9},"end":{"line":12,"column":31}},"loc":{"start":{"line":12,"column":37},"end":{"line":12,"column":97}},"line":12},"1":{"name":"_classCallCheck","decl":{"start":{"line":14,"column":9},"end":{"line":14,"column":24}},"loc":{"start":{"line":14,"column":48},"end":{"line":14,"column":153}},"line":14},"2":{"name":"_defineProperties","decl":{"start":{"line":16,"column":9},"end":{"line":16,"column":26}},"loc":{"start":{"line":16,"column":42},"end":{"line":16,"column":317}},"line":16},"3":{"name":"_createClass","decl":{"start":{"line":18,"column":9},"end":{"line":18,"column":21}},"loc":{"start":{"line":18,"column":60},"end":{"line":18,"column":215}},"line":18},"4":{"name":"(anonymous_4)","decl":{"start":{"line":22,"column":0},"end":{"line":22,"column":1}},"loc":{"start":{"line":22,"column":12},"end":{"line":82,"column":1}},"line":22},"5":{"name":"Validations","decl":{"start":{"line":23,"column":11},"end":{"line":23,"column":22}},"loc":{"start":{"line":23,"column":25},"end":{"line":25,"column":3}},"line":23},"6":{"name":"vSignup","decl":{"start":{"line":29,"column":20},"end":{"line":29,"column":27}},"loc":{"start":{"line":29,"column":53},"end":{"line":55,"column":5}},"line":29},"7":{"name":"validateSignup","decl":{"start":{"line":30,"column":36},"end":{"line":30,"column":50}},"loc":{"start":{"line":30,"column":61},"end":{"line":42,"column":7}},"line":30},"8":{"name":"vSignin","decl":{"start":{"line":58,"column":20},"end":{"line":58,"column":27}},"loc":{"start":{"line":58,"column":53},"end":{"line":78,"column":5}},"line":58},"9":{"name":"validateSignin","decl":{"start":{"line":59,"column":36},"end":{"line":59,"column":50}},"loc":{"start":{"line":59,"column":61},"end":{"line":65,"column":7}},"line":59}},"branchMap":{"0":{"loc":{"start":{"line":12,"column":46},"end":{"line":12,"column":94}},"type":"cond-expr","locations":[{"start":{"line":12,"column":70},"end":{"line":12,"column":73}},{"start":{"line":12,"column":76},"end":{"line":12,"column":94}}],"line":12},"1":{"loc":{"start":{"line":12,"column":46},"end":{"line":12,"column":67}},"type":"binary-expr","locations":[{"start":{"line":12,"column":46},"end":{"line":12,"column":49}},{"start":{"line":12,"column":53},"end":{"line":12,"column":67}}],"line":12},"2":{"loc":{"start":{"line":14,"column":50},"end":{"line":14,"column":151}},"type":"if","locations":[{"start":{"line":14,"column":50},"end":{"line":14,"column":151}},{"start":{"line":14,"column":50},"end":{"line":14,"column":151}}],"line":14},"3":{"loc":{"start":{"line":16,"column":136},"end":{"line":16,"column":166}},"type":"binary-expr","locations":[{"start":{"line":16,"column":136},"end":{"line":16,"column":157}},{"start":{"line":16,"column":161},"end":{"line":16,"column":166}}],"line":16},"4":{"loc":{"start":{"line":16,"column":200},"end":{"line":16,"column":254}},"type":"if","locations":[{"start":{"line":16,"column":200},"end":{"line":16,"column":254}},{"start":{"line":16,"column":200},"end":{"line":16,"column":254}}],"line":16},"5":{"loc":{"start":{"line":18,"column":62},"end":{"line":18,"column":131}},"type":"if","locations":[{"start":{"line":18,"column":62},"end":{"line":18,"column":131}},{"start":{"line":18,"column":62},"end":{"line":18,"column":131}}],"line":18},"6":{"loc":{"start":{"line":18,"column":132},"end":{"line":18,"column":193}},"type":"if","locations":[{"start":{"line":18,"column":132},"end":{"line":18,"column":193}},{"start":{"line":18,"column":132},"end":{"line":18,"column":193}}],"line":18},"7":{"loc":{"start":{"line":47,"column":6},"end":{"line":52,"column":7}},"type":"if","locations":[{"start":{"line":47,"column":6},"end":{"line":52,"column":7}},{"start":{"line":47,"column":6},"end":{"line":52,"column":7}}],"line":47},"8":{"loc":{"start":{"line":70,"column":6},"end":{"line":75,"column":7}},"type":"if","locations":[{"start":{"line":70,"column":6},"end":{"line":75,"column":7}},{"start":{"line":70,"column":6},"end":{"line":75,"column":7}}],"line":70}},"s":{"0":1,"1":1,"2":1,"3":1,"4":2,"5":0,"6":0,"7":1,"8":1,"9":2,"10":2,"11":2,"12":2,"13":2,"14":2,"15":1,"16":0,"17":1,"18":1,"19":1,"20":1,"21":0,"22":1,"23":9,"24":9,"25":9,"26":9,"27":9,"28":9,"29":8,"30":1,"31":3,"32":3,"33":3,"34":3,"35":3,"36":3,"37":1,"38":2,"39":1,"40":1,"41":1},"f":{"0":2,"1":0,"2":1,"3":1,"4":1,"5":0,"6":9,"7":9,"8":3,"9":3},"b":{"0":[0,2],"1":[2,2],"2":[0,0],"3":[2,2],"4":[2,0],"5":[0,1],"6":[1,0],"7":[8,1],"8":[1,2]},"_coverageSchema":"43e27e138ebf9cfc5966b082cf9a028302ed4184","hash":"f82d70aff40fe2686de3bec2b0154897e633ec3b","contentHash":"2821dc32a4363f008e5d127cd8456cf703af928f0861b7dca08c1977fd68fdb4"},"/home/cynthia/Documents/Free-Mentors-master/middleware/checkUser.js":{"path":"/home/cynthia/Documents/Free-Mentors-master/middleware/checkUser.js","statementMap":{"0":{"start":{"line":3,"column":0},"end":{"line":5,"column":3}},"1":{"start":{"line":6,"column":0},"end":{"line":6,"column":28}},"2":{"start":{"line":8,"column":17},"end":{"line":8,"column":71}},"3":{"start":{"line":10,"column":20},"end":{"line":10,"column":67}},"4":{"start":{"line":12,"column":14},"end":{"line":12,"column":55}},"5":{"start":{"line":14,"column":19},"end":{"line":14,"column":51}},"6":{"start":{"line":16,"column":39},"end":{"line":16,"column":95}},"7":{"start":{"line":18,"column":77},"end":{"line":18,"column":175}},"8":{"start":{"line":18,"column":94},"end":{"line":18,"column":107}},"9":{"start":{"line":18,"column":121},"end":{"line":18,"column":131}},"10":{"start":{"line":18,"column":151},"end":{"line":18,"column":165}},"11":{"start":{"line":18,"column":166},"end":{"line":18,"column":173}},"12":{"start":{"line":18,"column":176},"end":{"line":18,"column":263}},"13":{"start":{"line":18,"column":193},"end":{"line":18,"column":208}},"14":{"start":{"line":18,"column":218},"end":{"line":18,"column":261}},"15":{"start":{"line":20,"column":33},"end":{"line":20,"column":387}},"16":{"start":{"line":20,"column":65},"end":{"line":20,"column":69}},"17":{"start":{"line":20,"column":78},"end":{"line":20,"column":87}},"18":{"start":{"line":20,"column":89},"end":{"line":20,"column":384}},"19":{"start":{"line":20,"column":147},"end":{"line":20,"column":167}},"20":{"start":{"line":20,"column":193},"end":{"line":20,"column":264}},"21":{"start":{"line":20,"column":290},"end":{"line":20,"column":360}},"22":{"start":{"line":20,"column":363},"end":{"line":20,"column":380}},"23":{"start":{"line":22,"column":50},"end":{"line":22,"column":151}},"24":{"start":{"line":22,"column":92},"end":{"line":22,"column":149}},"25":{"start":{"line":24,"column":44},"end":{"line":24,"column":315}},"26":{"start":{"line":24,"column":57},"end":{"line":24,"column":58}},"27":{"start":{"line":24,"column":102},"end":{"line":24,"column":110}},"28":{"start":{"line":24,"column":112},"end":{"line":24,"column":167}},"29":{"start":{"line":24,"column":168},"end":{"line":24,"column":199}},"30":{"start":{"line":24,"column":200},"end":{"line":24,"column":254}},"31":{"start":{"line":24,"column":227},"end":{"line":24,"column":254}},"32":{"start":{"line":24,"column":255},"end":{"line":24,"column":313}},"33":{"start":{"line":26,"column":62},"end":{"line":26,"column":131}},"34":{"start":{"line":26,"column":78},"end":{"line":26,"column":131}},"35":{"start":{"line":26,"column":132},"end":{"line":26,"column":193}},"36":{"start":{"line":26,"column":149},"end":{"line":26,"column":193}},"37":{"start":{"line":26,"column":194},"end":{"line":26,"column":213}},"38":{"start":{"line":30,"column":0},"end":{"line":190,"column":3}},"39":{"start":{"line":32,"column":4},"end":{"line":32,"column":37}},"40":{"start":{"line":35,"column":2},"end":{"line":187,"column":6}},"41":{"start":{"line":38,"column":20},"end":{"line":97,"column":9}},"42":{"start":{"line":42,"column":8},"end":{"line":96,"column":37}},"43":{"start":{"line":43,"column":10},"end":{"line":95,"column":11}},"44":{"start":{"line":44,"column":12},"end":{"line":94,"column":13}},"45":{"start":{"line":46,"column":16},"end":{"line":46,"column":34}},"46":{"start":{"line":47,"column":16},"end":{"line":47,"column":34}},"47":{"start":{"line":48,"column":16},"end":{"line":48,"column":69}},"48":{"start":{"line":51,"column":16},"end":{"line":51,"column":43}},"49":{"start":{"line":52,"column":16},"end":{"line":52,"column":81}},"50":{"start":{"line":54,"column":16},"end":{"line":57,"column":17}},"51":{"start":{"line":55,"column":18},"end":{"line":55,"column":37}},"52":{"start":{"line":56,"column":18},"end":{"line":56,"column":24}},"53":{"start":{"line":59,"column":16},"end":{"line":70,"column":18}},"54":{"start":{"line":71,"column":16},"end":{"line":71,"column":36}},"55":{"start":{"line":72,"column":16},"end":{"line":72,"column":23}},"56":{"start":{"line":73,"column":16},"end":{"line":73,"column":35}},"57":{"start":{"line":74,"column":16},"end":{"line":74,"column":22}},"58":{"start":{"line":77,"column":16},"end":{"line":80,"column":20}},"59":{"start":{"line":83,"column":16},"end":{"line":83,"column":35}},"60":{"start":{"line":84,"column":16},"end":{"line":84,"column":22}},"61":{"start":{"line":87,"column":16},"end":{"line":87,"column":35}},"62":{"start":{"line":88,"column":16},"end":{"line":88,"column":51}},"63":{"start":{"line":89,"column":16},"end":{"line":89,"column":34}},"64":{"start":{"line":93,"column":16},"end":{"line":93,"column":39}},"65":{"start":{"line":100,"column":8},"end":{"line":100,"column":46}},"66":{"start":{"line":103,"column":6},"end":{"line":103,"column":20}},"67":{"start":{"line":108,"column":20},"end":{"line":179,"column":9}},"68":{"start":{"line":112,"column":8},"end":{"line":178,"column":38}},"69":{"start":{"line":113,"column":10},"end":{"line":177,"column":11}},"70":{"start":{"line":114,"column":12},"end":{"line":176,"column":13}},"71":{"start":{"line":116,"column":16},"end":{"line":116,"column":35}},"72":{"start":{"line":117,"column":16},"end":{"line":117,"column":35}},"73":{"start":{"line":118,"column":16},"end":{"line":118,"column":69}},"74":{"start":{"line":121,"column":16},"end":{"line":121,"column":43}},"75":{"start":{"line":123,"column":16},"end":{"line":126,"column":17}},"76":{"start":{"line":124,"column":18},"end":{"line":124,"column":38}},"77":{"start":{"line":125,"column":18},"end":{"line":125,"column":24}},"78":{"start":{"line":128,"column":16},"end":{"line":128,"column":39}},"79":{"start":{"line":129,"column":16},"end":{"line":129,"column":106}},"80":{"start":{"line":131,"column":16},"end":{"line":134,"column":17}},"81":{"start":{"line":132,"column":18},"end":{"line":132,"column":38}},"82":{"start":{"line":133,"column":18},"end":{"line":133,"column":24}},"83":{"start":{"line":136,"column":16},"end":{"line":142,"column":26}},"84":{"start":{"line":143,"column":16},"end":{"line":143,"column":38}},"85":{"start":{"line":144,"column":16},"end":{"line":144,"column":23}},"86":{"start":{"line":145,"column":16},"end":{"line":145,"column":36}},"87":{"start":{"line":146,"column":16},"end":{"line":146,"column":22}},"88":{"start":{"line":149,"column":16},"end":{"line":152,"column":20}},"89":{"start":{"line":155,"column":16},"end":{"line":155,"column":36}},"90":{"start":{"line":156,"column":16},"end":{"line":156,"column":22}},"91":{"start":{"line":159,"column":16},"end":{"line":162,"column":20}},"92":{"start":{"line":165,"column":16},"end":{"line":165,"column":36}},"93":{"start":{"line":166,"column":16},"end":{"line":166,"column":22}},"94":{"start":{"line":169,"column":16},"end":{"line":169,"column":36}},"95":{"start":{"line":170,"column":16},"end":{"line":170,"column":53}},"96":{"start":{"line":171,"column":16},"end":{"line":171,"column":35}},"97":{"start":{"line":175,"column":16},"end":{"line":175,"column":40}},"98":{"start":{"line":182,"column":8},"end":{"line":182,"column":46}},"99":{"start":{"line":185,"column":6},"end":{"line":185,"column":20}},"100":{"start":{"line":189,"column":2},"end":{"line":189,"column":19}},"101":{"start":{"line":192,"column":15},"end":{"line":192,"column":24}},"102":{"start":{"line":193,"column":0},"end":{"line":193,"column":30}}},"fnMap":{"0":{"name":"_interopRequireDefault","decl":{"start":{"line":16,"column":9},"end":{"line":16,"column":31}},"loc":{"start":{"line":16,"column":37},"end":{"line":16,"column":97}},"line":16},"1":{"name":"asyncGeneratorStep","decl":{"start":{"line":18,"column":9},"end":{"line":18,"column":27}},"loc":{"start":{"line":18,"column":75},"end":{"line":18,"column":265}},"line":18},"2":{"name":"_asyncToGenerator","decl":{"start":{"line":20,"column":9},"end":{"line":20,"column":26}},"loc":{"start":{"line":20,"column":31},"end":{"line":20,"column":389}},"line":20},"3":{"name":"(anonymous_3)","decl":{"start":{"line":20,"column":40},"end":{"line":20,"column":41}},"loc":{"start":{"line":20,"column":52},"end":{"line":20,"column":386}},"line":20},"4":{"name":"(anonymous_4)","decl":{"start":{"line":20,"column":108},"end":{"line":20,"column":109}},"loc":{"start":{"line":20,"column":135},"end":{"line":20,"column":382}},"line":20},"5":{"name":"_next","decl":{"start":{"line":20,"column":178},"end":{"line":20,"column":183}},"loc":{"start":{"line":20,"column":191},"end":{"line":20,"column":266}},"line":20},"6":{"name":"_throw","decl":{"start":{"line":20,"column":276},"end":{"line":20,"column":282}},"loc":{"start":{"line":20,"column":288},"end":{"line":20,"column":362}},"line":20},"7":{"name":"_classCallCheck","decl":{"start":{"line":22,"column":9},"end":{"line":22,"column":24}},"loc":{"start":{"line":22,"column":48},"end":{"line":22,"column":153}},"line":22},"8":{"name":"_defineProperties","decl":{"start":{"line":24,"column":9},"end":{"line":24,"column":26}},"loc":{"start":{"line":24,"column":42},"end":{"line":24,"column":317}},"line":24},"9":{"name":"_createClass","decl":{"start":{"line":26,"column":9},"end":{"line":26,"column":21}},"loc":{"start":{"line":26,"column":60},"end":{"line":26,"column":215}},"line":26},"10":{"name":"(anonymous_10)","decl":{"start":{"line":30,"column":0},"end":{"line":30,"column":1}},"loc":{"start":{"line":30,"column":12},"end":{"line":190,"column":1}},"line":30},"11":{"name":"CheckUser","decl":{"start":{"line":31,"column":11},"end":{"line":31,"column":20}},"loc":{"start":{"line":31,"column":23},"end":{"line":33,"column":3}},"line":31},"12":{"name":"(anonymous_12)","decl":{"start":{"line":37,"column":11},"end":{"line":37,"column":12}},"loc":{"start":{"line":37,"column":23},"end":{"line":104,"column":5}},"line":37},"13":{"name":"_callee","decl":{"start":{"line":40,"column":39},"end":{"line":40,"column":46}},"loc":{"start":{"line":40,"column":72},"end":{"line":97,"column":7}},"line":40},"14":{"name":"_callee$","decl":{"start":{"line":42,"column":48},"end":{"line":42,"column":56}},"loc":{"start":{"line":42,"column":67},"end":{"line":96,"column":9}},"line":42},"15":{"name":"signup","decl":{"start":{"line":99,"column":15},"end":{"line":99,"column":21}},"loc":{"start":{"line":99,"column":36},"end":{"line":101,"column":7}},"line":99},"16":{"name":"(anonymous_16)","decl":{"start":{"line":107,"column":11},"end":{"line":107,"column":12}},"loc":{"start":{"line":107,"column":23},"end":{"line":186,"column":5}},"line":107},"17":{"name":"_callee2","decl":{"start":{"line":110,"column":39},"end":{"line":110,"column":47}},"loc":{"start":{"line":110,"column":73},"end":{"line":179,"column":7}},"line":110},"18":{"name":"_callee2$","decl":{"start":{"line":112,"column":48},"end":{"line":112,"column":57}},"loc":{"start":{"line":112,"column":69},"end":{"line":178,"column":9}},"line":112},"19":{"name":"signin","decl":{"start":{"line":181,"column":15},"end":{"line":181,"column":21}},"loc":{"start":{"line":181,"column":37},"end":{"line":183,"column":7}},"line":181}},"branchMap":{"0":{"loc":{"start":{"line":16,"column":46},"end":{"line":16,"column":94}},"type":"cond-expr","locations":[{"start":{"line":16,"column":70},"end":{"line":16,"column":73}},{"start":{"line":16,"column":76},"end":{"line":16,"column":94}}],"line":16},"1":{"loc":{"start":{"line":16,"column":46},"end":{"line":16,"column":67}},"type":"binary-expr","locations":[{"start":{"line":16,"column":46},"end":{"line":16,"column":49}},{"start":{"line":16,"column":53},"end":{"line":16,"column":67}}],"line":16},"2":{"loc":{"start":{"line":18,"column":176},"end":{"line":18,"column":263}},"type":"if","locations":[{"start":{"line":18,"column":176},"end":{"line":18,"column":263}},{"start":{"line":18,"column":176},"end":{"line":18,"column":263}}],"line":18},"3":{"loc":{"start":{"line":22,"column":50},"end":{"line":22,"column":151}},"type":"if","locations":[{"start":{"line":22,"column":50},"end":{"line":22,"column":151}},{"start":{"line":22,"column":50},"end":{"line":22,"column":151}}],"line":22},"4":{"loc":{"start":{"line":24,"column":136},"end":{"line":24,"column":166}},"type":"binary-expr","locations":[{"start":{"line":24,"column":136},"end":{"line":24,"column":157}},{"start":{"line":24,"column":161},"end":{"line":24,"column":166}}],"line":24},"5":{"loc":{"start":{"line":24,"column":200},"end":{"line":24,"column":254}},"type":"if","locations":[{"start":{"line":24,"column":200},"end":{"line":24,"column":254}},{"start":{"line":24,"column":200},"end":{"line":24,"column":254}}],"line":24},"6":{"loc":{"start":{"line":26,"column":62},"end":{"line":26,"column":131}},"type":"if","locations":[{"start":{"line":26,"column":62},"end":{"line":26,"column":131}},{"start":{"line":26,"column":62},"end":{"line":26,"column":131}}],"line":26},"7":{"loc":{"start":{"line":26,"column":132},"end":{"line":26,"column":193}},"type":"if","locations":[{"start":{"line":26,"column":132},"end":{"line":26,"column":193}},{"start":{"line":26,"column":132},"end":{"line":26,"column":193}}],"line":26},"8":{"loc":{"start":{"line":44,"column":12},"end":{"line":94,"column":13}},"type":"switch","locations":[{"start":{"line":45,"column":14},"end":{"line":48,"column":69}},{"start":{"line":50,"column":14},"end":{"line":74,"column":22}},{"start":{"line":76,"column":14},"end":{"line":80,"column":20}},{"start":{"line":82,"column":14},"end":{"line":84,"column":22}},{"start":{"line":86,"column":14},"end":{"line":89,"column":34}},{"start":{"line":91,"column":14},"end":{"line":91,"column":22}},{"start":{"line":92,"column":14},"end":{"line":93,"column":39}}],"line":44},"9":{"loc":{"start":{"line":54,"column":16},"end":{"line":57,"column":17}},"type":"if","locations":[{"start":{"line":54,"column":16},"end":{"line":57,"column":17}},{"start":{"line":54,"column":16},"end":{"line":57,"column":17}}],"line":54},"10":{"loc":{"start":{"line":114,"column":12},"end":{"line":176,"column":13}},"type":"switch","locations":[{"start":{"line":115,"column":14},"end":{"line":118,"column":69}},{"start":{"line":120,"column":14},"end":{"line":146,"column":22}},{"start":{"line":148,"column":14},"end":{"line":152,"column":20}},{"start":{"line":154,"column":14},"end":{"line":156,"column":22}},{"start":{"line":158,"column":14},"end":{"line":162,"column":20}},{"start":{"line":164,"column":14},"end":{"line":166,"column":22}},{"start":{"line":168,"column":14},"end":{"line":171,"column":35}},{"start":{"line":173,"column":14},"end":{"line":173,"column":22}},{"start":{"line":174,"column":14},"end":{"line":175,"column":40}}],"line":114},"11":{"loc":{"start":{"line":123,"column":16},"end":{"line":126,"column":17}},"type":"if","locations":[{"start":{"line":123,"column":16},"end":{"line":126,"column":17}},{"start":{"line":123,"column":16},"end":{"line":126,"column":17}}],"line":123},"12":{"loc":{"start":{"line":131,"column":16},"end":{"line":134,"column":17}},"type":"if","locations":[{"start":{"line":131,"column":16},"end":{"line":134,"column":17}},{"start":{"line":131,"column":16},"end":{"line":134,"column":17}}],"line":131}},"s":{"0":1,"1":1,"2":1,"3":1,"4":1,"5":1,"6":3,"7":6,"8":6,"9":6,"10":0,"11":0,"12":6,"13":3,"14":3,"15":2,"16":3,"17":3,"18":3,"19":3,"20":6,"21":0,"22":3,"23":0,"24":0,"25":1,"26":1,"27":2,"28":2,"29":2,"30":2,"31":2,"32":2,"33":1,"34":0,"35":1,"36":1,"37":1,"38":1,"39":0,"40":1,"41":1,"42":1,"43":3,"44":4,"45":1,"46":1,"47":1,"48":1,"49":1,"50":1,"51":1,"52":1,"53":0,"54":0,"55":0,"56":0,"57":0,"58":1,"59":0,"60":0,"61":0,"62":0,"63":0,"64":1,"65":1,"66":1,"67":1,"68":2,"69":6,"70":8,"71":2,"72":2,"73":2,"74":2,"75":2,"76":1,"77":1,"78":1,"79":1,"80":1,"81":1,"82":1,"83":0,"84":0,"85":0,"86":0,"87":0,"88":1,"89":0,"90":0,"91":1,"92":0,"93":0,"94":0,"95":0,"96":0,"97":2,"98":2,"99":1,"100":1,"101":1,"102":1},"f":{"0":3,"1":6,"2":2,"3":3,"4":3,"5":6,"6":0,"7":0,"8":1,"9":1,"10":1,"11":0,"12":1,"13":1,"14":3,"15":1,"16":1,"17":2,"18":6,"19":2},"b":{"0":[0,3],"1":[3,3],"2":[3,3],"3":[0,0],"4":[2,2],"5":[2,0],"6":[0,1],"7":[1,0],"8":[1,1,1,0,0,0,1],"9":[1,0],"10":[2,2,1,0,1,0,0,0,2],"11":[1,1],"12":[1,0]},"_coverageSchema":"43e27e138ebf9cfc5966b082cf9a028302ed4184","hash":"fc073d7a6c7bca8538e1b4a8381767e9275fbfcb","contentHash":"3332fea3afd27744d281cd01df457d00a8654b5d85dc3b9ca763842a431a038a"},"/home/cynthia/Documents/Free-Mentors-master/models/usersInfo.js":{"path":"/home/cynthia/Documents/Free-Mentors-master/models/usersInfo.js","statementMap":{},"fnMap":{},"branchMap":{},"s":{},"f":{},"b":{},"_coverageSchema":"43e27e138ebf9cfc5966b082cf9a028302ed4184","hash":"a0da2bcdd744c3edc2f84ee31b681acd47ad2337","contentHash":"0b5f55cdc236cb999f238aa88f78fa7a5e7ff669152798b6ad91ece112d844e9"},"/home/cynthia/Documents/Free-Mentors-master/models/createUsers.js":{"path":"/home/cynthia/Documents/Free-Mentors-master/models/createUsers.js","statementMap":{"0":{"start":{"line":3,"column":0},"end":{"line":5,"column":3}},"1":{"start":{"line":6,"column":0},"end":{"line":6,"column":226}},"2":{"start":{"line":8,"column":16},"end":{"line":8,"column":61}},"3":{"start":{"line":10,"column":39},"end":{"line":10,"column":95}},"4":{"start":{"line":12,"column":77},"end":{"line":12,"column":175}},"5":{"start":{"line":12,"column":94},"end":{"line":12,"column":107}},"6":{"start":{"line":12,"column":121},"end":{"line":12,"column":131}},"7":{"start":{"line":12,"column":151},"end":{"line":12,"column":165}},"8":{"start":{"line":12,"column":166},"end":{"line":12,"column":173}},"9":{"start":{"line":12,"column":176},"end":{"line":12,"column":263}},"10":{"start":{"line":12,"column":193},"end":{"line":12,"column":208}},"11":{"start":{"line":12,"column":218},"end":{"line":12,"column":261}},"12":{"start":{"line":14,"column":33},"end":{"line":14,"column":387}},"13":{"start":{"line":14,"column":65},"end":{"line":14,"column":69}},"14":{"start":{"line":14,"column":78},"end":{"line":14,"column":87}},"15":{"start":{"line":14,"column":89},"end":{"line":14,"column":384}},"16":{"start":{"line":14,"column":147},"end":{"line":14,"column":167}},"17":{"start":{"line":14,"column":193},"end":{"line":14,"column":264}},"18":{"start":{"line":14,"column":290},"end":{"line":14,"column":360}},"19":{"start":{"line":14,"column":363},"end":{"line":14,"column":380}},"20":{"start":{"line":18,"column":0},"end":{"line":55,"column":3}},"21":{"start":{"line":19,"column":13},"end":{"line":50,"column":5}},"22":{"start":{"line":24,"column":4},"end":{"line":49,"column":33}},"23":{"start":{"line":25,"column":6},"end":{"line":48,"column":7}},"24":{"start":{"line":26,"column":8},"end":{"line":47,"column":9}},"25":{"start":{"line":28,"column":12},"end":{"line":28,"column":201}},"26":{"start":{"line":29,"column":12},"end":{"line":29,"column":150}},"27":{"start":{"line":30,"column":12},"end":{"line":30,"column":30}},"28":{"start":{"line":31,"column":12},"end":{"line":31,"column":30}},"29":{"start":{"line":32,"column":12},"end":{"line":32,"column":66}},"30":{"start":{"line":35,"column":12},"end":{"line":35,"column":34}},"31":{"start":{"line":36,"column":12},"end":{"line":36,"column":30}},"32":{"start":{"line":37,"column":12},"end":{"line":37,"column":54}},"33":{"start":{"line":40,"column":12},"end":{"line":40,"column":31}},"34":{"start":{"line":41,"column":12},"end":{"line":41,"column":47}},"35":{"start":{"line":42,"column":12},"end":{"line":42,"column":30}},"36":{"start":{"line":46,"column":12},"end":{"line":46,"column":35}},"37":{"start":{"line":52,"column":2},"end":{"line":54,"column":4}},"38":{"start":{"line":53,"column":4},"end":{"line":53,"column":39}},"39":{"start":{"line":57,"column":0},"end":{"line":57,"column":24}},"40":{"start":{"line":61,"column":0},"end":{"line":98,"column":3}},"41":{"start":{"line":62,"column":14},"end":{"line":93,"column":5}},"42":{"start":{"line":67,"column":4},"end":{"line":92,"column":34}},"43":{"start":{"line":68,"column":6},"end":{"line":91,"column":7}},"44":{"start":{"line":69,"column":8},"end":{"line":90,"column":9}},"45":{"start":{"line":71,"column":12},"end":{"line":71,"column":61}},"46":{"start":{"line":72,"column":12},"end":{"line":72,"column":29}},"47":{"start":{"line":73,"column":12},"end":{"line":73,"column":31}},"48":{"start":{"line":74,"column":12},"end":{"line":74,"column":31}},"49":{"start":{"line":75,"column":12},"end":{"line":75,"column":62}},"50":{"start":{"line":78,"column":12},"end":{"line":78,"column":35}},"51":{"start":{"line":79,"column":12},"end":{"line":79,"column":30}},"52":{"start":{"line":80,"column":12},"end":{"line":80,"column":55}},"53":{"start":{"line":83,"column":12},"end":{"line":83,"column":32}},"54":{"start":{"line":84,"column":12},"end":{"line":84,"column":49}},"55":{"start":{"line":85,"column":12},"end":{"line":85,"column":60}},"56":{"start":{"line":89,"column":12},"end":{"line":89,"column":36}},"57":{"start":{"line":95,"column":2},"end":{"line":97,"column":4}},"58":{"start":{"line":96,"column":4},"end":{"line":96,"column":40}},"59":{"start":{"line":100,"column":0},"end":{"line":100,"column":26}},"60":{"start":{"line":104,"column":0},"end":{"line":141,"column":3}},"61":{"start":{"line":105,"column":14},"end":{"line":136,"column":5}},"62":{"start":{"line":110,"column":4},"end":{"line":135,"column":34}},"63":{"start":{"line":111,"column":6},"end":{"line":134,"column":7}},"64":{"start":{"line":112,"column":8},"end":{"line":133,"column":9}},"65":{"start":{"line":114,"column":12},"end":{"line":114,"column":81}},"66":{"start":{"line":115,"column":12},"end":{"line":115,"column":23}},"67":{"start":{"line":116,"column":12},"end":{"line":116,"column":31}},"68":{"start":{"line":117,"column":12},"end":{"line":117,"column":31}},"69":{"start":{"line":118,"column":12},"end":{"line":118,"column":62}},"70":{"start":{"line":121,"column":12},"end":{"line":121,"column":35}},"71":{"start":{"line":122,"column":12},"end":{"line":122,"column":30}},"72":{"start":{"line":123,"column":12},"end":{"line":123,"column":55}},"73":{"start":{"line":126,"column":12},"end":{"line":126,"column":32}},"74":{"start":{"line":127,"column":12},"end":{"line":127,"column":49}},"75":{"start":{"line":128,"column":12},"end":{"line":128,"column":60}},"76":{"start":{"line":132,"column":12},"end":{"line":132,"column":36}},"77":{"start":{"line":138,"column":2},"end":{"line":140,"column":4}},"78":{"start":{"line":139,"column":4},"end":{"line":139,"column":40}},"79":{"start":{"line":143,"column":0},"end":{"line":143,"column":32}},"80":{"start":{"line":147,"column":0},"end":{"line":190,"column":3}},"81":{"start":{"line":148,"column":14},"end":{"line":185,"column":5}},"82":{"start":{"line":153,"column":4},"end":{"line":184,"column":34}},"83":{"start":{"line":154,"column":6},"end":{"line":183,"column":7}},"84":{"start":{"line":155,"column":8},"end":{"line":182,"column":9}},"85":{"start":{"line":157,"column":12},"end":{"line":157,"column":95}},"86":{"start":{"line":158,"column":12},"end":{"line":158,"column":64}},"87":{"start":{"line":159,"column":12},"end":{"line":159,"column":23}},"88":{"start":{"line":160,"column":12},"end":{"line":160,"column":31}},"89":{"start":{"line":161,"column":12},"end":{"line":161,"column":31}},"90":{"start":{"line":162,"column":12},"end":{"line":162,"column":65}},"91":{"start":{"line":165,"column":12},"end":{"line":165,"column":46}},"92":{"start":{"line":166,"column":12},"end":{"line":166,"column":31}},"93":{"start":{"line":167,"column":12},"end":{"line":167,"column":64}},"94":{"start":{"line":170,"column":12},"end":{"line":170,"column":35}},"95":{"start":{"line":171,"column":12},"end":{"line":171,"column":30}},"96":{"start":{"line":172,"column":12},"end":{"line":172,"column":55}},"97":{"start":{"line":175,"column":12},"end":{"line":175,"column":32}},"98":{"start":{"line":176,"column":12},"end":{"line":176,"column":49}},"99":{"start":{"line":177,"column":12},"end":{"line":177,"column":60}},"100":{"start":{"line":181,"column":12},"end":{"line":181,"column":36}},"101":{"start":{"line":187,"column":2},"end":{"line":189,"column":4}},"102":{"start":{"line":188,"column":4},"end":{"line":188,"column":40}},"103":{"start":{"line":192,"column":0},"end":{"line":192,"column":38}},"104":{"start":{"line":196,"column":0},"end":{"line":233,"column":3}},"105":{"start":{"line":197,"column":14},"end":{"line":228,"column":5}},"106":{"start":{"line":202,"column":4},"end":{"line":227,"column":34}},"107":{"start":{"line":203,"column":6},"end":{"line":226,"column":7}},"108":{"start":{"line":204,"column":8},"end":{"line":225,"column":9}},"109":{"start":{"line":206,"column":12},"end":{"line":206,"column":82}},"110":{"start":{"line":207,"column":12},"end":{"line":207,"column":23}},"111":{"start":{"line":208,"column":12},"end":{"line":208,"column":31}},"112":{"start":{"line":209,"column":12},"end":{"line":209,"column":31}},"113":{"start":{"line":210,"column":12},"end":{"line":210,"column":64}},"114":{"start":{"line":213,"column":12},"end":{"line":213,"column":36}},"115":{"start":{"line":214,"column":12},"end":{"line":214,"column":31}},"116":{"start":{"line":215,"column":12},"end":{"line":215,"column":55}},"117":{"start":{"line":218,"column":12},"end":{"line":218,"column":32}},"118":{"start":{"line":219,"column":12},"end":{"line":219,"column":49}},"119":{"start":{"line":220,"column":12},"end":{"line":220,"column":60}},"120":{"start":{"line":224,"column":12},"end":{"line":224,"column":36}},"121":{"start":{"line":230,"column":2},"end":{"line":232,"column":4}},"122":{"start":{"line":231,"column":4},"end":{"line":231,"column":40}},"123":{"start":{"line":235,"column":0},"end":{"line":235,"column":36}},"124":{"start":{"line":239,"column":0},"end":{"line":277,"column":3}},"125":{"start":{"line":240,"column":15},"end":{"line":272,"column":5}},"126":{"start":{"line":245,"column":4},"end":{"line":271,"column":34}},"127":{"start":{"line":246,"column":6},"end":{"line":270,"column":7}},"128":{"start":{"line":247,"column":8},"end":{"line":269,"column":9}},"129":{"start":{"line":249,"column":12},"end":{"line":249,"column":30}},"130":{"start":{"line":250,"column":12},"end":{"line":250,"column":165}},"131":{"start":{"line":251,"column":12},"end":{"line":251,"column":99}},"132":{"start":{"line":252,"column":12},"end":{"line":252,"column":31}},"133":{"start":{"line":253,"column":12},"end":{"line":253,"column":31}},"134":{"start":{"line":254,"column":12},"end":{"line":254,"column":66}},"135":{"start":{"line":257,"column":12},"end":{"line":257,"column":36}},"136":{"start":{"line":258,"column":12},"end":{"line":258,"column":31}},"137":{"start":{"line":259,"column":12},"end":{"line":259,"column":55}},"138":{"start":{"line":262,"column":12},"end":{"line":262,"column":32}},"139":{"start":{"line":263,"column":12},"end":{"line":263,"column":49}},"140":{"start":{"line":264,"column":12},"end":{"line":264,"column":31}},"141":{"start":{"line":268,"column":12},"end":{"line":268,"column":36}},"142":{"start":{"line":274,"column":2},"end":{"line":276,"column":4}},"143":{"start":{"line":275,"column":4},"end":{"line":275,"column":41}},"144":{"start":{"line":279,"column":0},"end":{"line":279,"column":28}},"145":{"start":{"line":283,"column":0},"end":{"line":320,"column":3}},"146":{"start":{"line":284,"column":15},"end":{"line":315,"column":5}},"147":{"start":{"line":289,"column":4},"end":{"line":314,"column":34}},"148":{"start":{"line":290,"column":6},"end":{"line":313,"column":7}},"149":{"start":{"line":291,"column":8},"end":{"line":312,"column":9}},"150":{"start":{"line":293,"column":12},"end":{"line":293,"column":72}},"151":{"start":{"line":294,"column":12},"end":{"line":294,"column":31}},"152":{"start":{"line":295,"column":12},"end":{"line":295,"column":31}},"153":{"start":{"line":296,"column":12},"end":{"line":296,"column":31}},"154":{"start":{"line":297,"column":12},"end":{"line":297,"column":69}},"155":{"start":{"line":300,"column":12},"end":{"line":300,"column":36}},"156":{"start":{"line":301,"column":12},"end":{"line":301,"column":31}},"157":{"start":{"line":302,"column":12},"end":{"line":302,"column":55}},"158":{"start":{"line":305,"column":12},"end":{"line":305,"column":32}},"159":{"start":{"line":306,"column":12},"end":{"line":306,"column":49}},"160":{"start":{"line":307,"column":12},"end":{"line":307,"column":60}},"161":{"start":{"line":311,"column":12},"end":{"line":311,"column":36}},"162":{"start":{"line":317,"column":2},"end":{"line":319,"column":4}},"163":{"start":{"line":318,"column":4},"end":{"line":318,"column":41}},"164":{"start":{"line":322,"column":0},"end":{"line":322,"column":38}},"165":{"start":{"line":326,"column":0},"end":{"line":363,"column":3}},"166":{"start":{"line":327,"column":15},"end":{"line":358,"column":5}},"167":{"start":{"line":332,"column":4},"end":{"line":357,"column":34}},"168":{"start":{"line":333,"column":6},"end":{"line":356,"column":7}},"169":{"start":{"line":334,"column":8},"end":{"line":355,"column":9}},"170":{"start":{"line":336,"column":12},"end":{"line":336,"column":90}},"171":{"start":{"line":337,"column":12},"end":{"line":337,"column":23}},"172":{"start":{"line":338,"column":12},"end":{"line":338,"column":31}},"173":{"start":{"line":339,"column":12},"end":{"line":339,"column":31}},"174":{"start":{"line":340,"column":12},"end":{"line":340,"column":66}},"175":{"start":{"line":343,"column":12},"end":{"line":343,"column":36}},"176":{"start":{"line":344,"column":12},"end":{"line":344,"column":31}},"177":{"start":{"line":345,"column":12},"end":{"line":345,"column":55}},"178":{"start":{"line":348,"column":12},"end":{"line":348,"column":32}},"179":{"start":{"line":349,"column":12},"end":{"line":349,"column":49}},"180":{"start":{"line":350,"column":12},"end":{"line":350,"column":60}},"181":{"start":{"line":354,"column":12},"end":{"line":354,"column":36}},"182":{"start":{"line":360,"column":2},"end":{"line":362,"column":4}},"183":{"start":{"line":361,"column":4},"end":{"line":361,"column":41}},"184":{"start":{"line":365,"column":0},"end":{"line":365,"column":40}},"185":{"start":{"line":369,"column":0},"end":{"line":406,"column":3}},"186":{"start":{"line":370,"column":15},"end":{"line":401,"column":5}},"187":{"start":{"line":375,"column":4},"end":{"line":400,"column":34}},"188":{"start":{"line":376,"column":6},"end":{"line":399,"column":7}},"189":{"start":{"line":377,"column":8},"end":{"line":398,"column":9}},"190":{"start":{"line":379,"column":12},"end":{"line":379,"column":95}},"191":{"start":{"line":380,"column":12},"end":{"line":380,"column":23}},"192":{"start":{"line":381,"column":12},"end":{"line":381,"column":31}},"193":{"start":{"line":382,"column":12},"end":{"line":382,"column":31}},"194":{"start":{"line":383,"column":12},"end":{"line":383,"column":65}},"195":{"start":{"line":386,"column":12},"end":{"line":386,"column":36}},"196":{"start":{"line":387,"column":12},"end":{"line":387,"column":31}},"197":{"start":{"line":388,"column":12},"end":{"line":388,"column":55}},"198":{"start":{"line":391,"column":12},"end":{"line":391,"column":32}},"199":{"start":{"line":392,"column":12},"end":{"line":392,"column":49}},"200":{"start":{"line":393,"column":12},"end":{"line":393,"column":60}},"201":{"start":{"line":397,"column":12},"end":{"line":397,"column":36}},"202":{"start":{"line":403,"column":2},"end":{"line":405,"column":4}},"203":{"start":{"line":404,"column":4},"end":{"line":404,"column":41}},"204":{"start":{"line":408,"column":0},"end":{"line":408,"column":38}},"205":{"start":{"line":412,"column":0},"end":{"line":449,"column":3}},"206":{"start":{"line":413,"column":15},"end":{"line":444,"column":5}},"207":{"start":{"line":418,"column":4},"end":{"line":443,"column":35}},"208":{"start":{"line":419,"column":6},"end":{"line":442,"column":7}},"209":{"start":{"line":420,"column":8},"end":{"line":441,"column":9}},"210":{"start":{"line":422,"column":12},"end":{"line":422,"column":95}},"211":{"start":{"line":423,"column":12},"end":{"line":423,"column":23}},"212":{"start":{"line":424,"column":12},"end":{"line":424,"column":32}},"213":{"start":{"line":425,"column":12},"end":{"line":425,"column":32}},"214":{"start":{"line":426,"column":12},"end":{"line":426,"column":65}},"215":{"start":{"line":429,"column":12},"end":{"line":429,"column":37}},"216":{"start":{"line":430,"column":12},"end":{"line":430,"column":31}},"217":{"start":{"line":431,"column":12},"end":{"line":431,"column":56}},"218":{"start":{"line":434,"column":12},"end":{"line":434,"column":33}},"219":{"start":{"line":435,"column":12},"end":{"line":435,"column":51}},"220":{"start":{"line":436,"column":12},"end":{"line":436,"column":62}},"221":{"start":{"line":440,"column":12},"end":{"line":440,"column":37}},"222":{"start":{"line":446,"column":2},"end":{"line":448,"column":4}},"223":{"start":{"line":447,"column":4},"end":{"line":447,"column":41}},"224":{"start":{"line":451,"column":0},"end":{"line":451,"column":38}}},"fnMap":{"0":{"name":"_interopRequireDefault","decl":{"start":{"line":10,"column":9},"end":{"line":10,"column":31}},"loc":{"start":{"line":10,"column":37},"end":{"line":10,"column":97}},"line":10},"1":{"name":"asyncGeneratorStep","decl":{"start":{"line":12,"column":9},"end":{"line":12,"column":27}},"loc":{"start":{"line":12,"column":75},"end":{"line":12,"column":265}},"line":12},"2":{"name":"_asyncToGenerator","decl":{"start":{"line":14,"column":9},"end":{"line":14,"column":26}},"loc":{"start":{"line":14,"column":31},"end":{"line":14,"column":389}},"line":14},"3":{"name":"(anonymous_3)","decl":{"start":{"line":14,"column":40},"end":{"line":14,"column":41}},"loc":{"start":{"line":14,"column":52},"end":{"line":14,"column":386}},"line":14},"4":{"name":"(anonymous_4)","decl":{"start":{"line":14,"column":108},"end":{"line":14,"column":109}},"loc":{"start":{"line":14,"column":135},"end":{"line":14,"column":382}},"line":14},"5":{"name":"_next","decl":{"start":{"line":14,"column":178},"end":{"line":14,"column":183}},"loc":{"start":{"line":14,"column":191},"end":{"line":14,"column":266}},"line":14},"6":{"name":"_throw","decl":{"start":{"line":14,"column":276},"end":{"line":14,"column":282}},"loc":{"start":{"line":14,"column":288},"end":{"line":14,"column":362}},"line":14},"7":{"name":"(anonymous_7)","decl":{"start":{"line":18,"column":0},"end":{"line":18,"column":1}},"loc":{"start":{"line":18,"column":12},"end":{"line":55,"column":1}},"line":18},"8":{"name":"_callee","decl":{"start":{"line":21,"column":35},"end":{"line":21,"column":42}},"loc":{"start":{"line":21,"column":49},"end":{"line":50,"column":3}},"line":21},"9":{"name":"_callee$","decl":{"start":{"line":24,"column":44},"end":{"line":24,"column":52}},"loc":{"start":{"line":24,"column":63},"end":{"line":49,"column":5}},"line":24},"10":{"name":"signup","decl":{"start":{"line":52,"column":18},"end":{"line":52,"column":24}},"loc":{"start":{"line":52,"column":29},"end":{"line":54,"column":3}},"line":52},"11":{"name":"(anonymous_11)","decl":{"start":{"line":61,"column":0},"end":{"line":61,"column":1}},"loc":{"start":{"line":61,"column":12},"end":{"line":98,"column":1}},"line":61},"12":{"name":"_callee2","decl":{"start":{"line":64,"column":35},"end":{"line":64,"column":43}},"loc":{"start":{"line":64,"column":51},"end":{"line":93,"column":3}},"line":64},"13":{"name":"_callee2$","decl":{"start":{"line":67,"column":44},"end":{"line":67,"column":53}},"loc":{"start":{"line":67,"column":65},"end":{"line":92,"column":5}},"line":67},"14":{"name":"getUser","decl":{"start":{"line":95,"column":18},"end":{"line":95,"column":25}},"loc":{"start":{"line":95,"column":31},"end":{"line":97,"column":3}},"line":95},"15":{"name":"(anonymous_15)","decl":{"start":{"line":104,"column":0},"end":{"line":104,"column":1}},"loc":{"start":{"line":104,"column":12},"end":{"line":141,"column":1}},"line":104},"16":{"name":"_callee3","decl":{"start":{"line":107,"column":35},"end":{"line":107,"column":43}},"loc":{"start":{"line":107,"column":48},"end":{"line":136,"column":3}},"line":107},"17":{"name":"_callee3$","decl":{"start":{"line":110,"column":44},"end":{"line":110,"column":53}},"loc":{"start":{"line":110,"column":65},"end":{"line":135,"column":5}},"line":110},"18":{"name":"selectUser","decl":{"start":{"line":138,"column":18},"end":{"line":138,"column":28}},"loc":{"start":{"line":138,"column":34},"end":{"line":140,"column":3}},"line":138},"19":{"name":"(anonymous_19)","decl":{"start":{"line":147,"column":0},"end":{"line":147,"column":1}},"loc":{"start":{"line":147,"column":12},"end":{"line":190,"column":1}},"line":147},"20":{"name":"_callee4","decl":{"start":{"line":150,"column":35},"end":{"line":150,"column":43}},"loc":{"start":{"line":150,"column":48},"end":{"line":185,"column":3}},"line":150},"21":{"name":"_callee4$","decl":{"start":{"line":153,"column":44},"end":{"line":153,"column":53}},"loc":{"start":{"line":153,"column":65},"end":{"line":184,"column":5}},"line":153},"22":{"name":"upgradeMentor","decl":{"start":{"line":187,"column":18},"end":{"line":187,"column":31}},"loc":{"start":{"line":187,"column":37},"end":{"line":189,"column":3}},"line":187},"23":{"name":"(anonymous_23)","decl":{"start":{"line":196,"column":0},"end":{"line":196,"column":1}},"loc":{"start":{"line":196,"column":12},"end":{"line":233,"column":1}},"line":196},"24":{"name":"_callee5","decl":{"start":{"line":199,"column":35},"end":{"line":199,"column":43}},"loc":{"start":{"line":199,"column":48},"end":{"line":228,"column":3}},"line":199},"25":{"name":"_callee5$","decl":{"start":{"line":202,"column":44},"end":{"line":202,"column":53}},"loc":{"start":{"line":202,"column":65},"end":{"line":227,"column":5}},"line":202},"26":{"name":"selectMentor","decl":{"start":{"line":230,"column":18},"end":{"line":230,"column":30}},"loc":{"start":{"line":230,"column":36},"end":{"line":232,"column":3}},"line":230},"27":{"name":"(anonymous_27)","decl":{"start":{"line":239,"column":0},"end":{"line":239,"column":1}},"loc":{"start":{"line":239,"column":12},"end":{"line":277,"column":1}},"line":239},"28":{"name":"_callee6","decl":{"start":{"line":242,"column":35},"end":{"line":242,"column":43}},"loc":{"start":{"line":242,"column":50},"end":{"line":272,"column":3}},"line":242},"29":{"name":"_callee6$","decl":{"start":{"line":245,"column":44},"end":{"line":245,"column":53}},"loc":{"start":{"line":245,"column":65},"end":{"line":271,"column":5}},"line":245},"30":{"name":"sessions","decl":{"start":{"line":274,"column":18},"end":{"line":274,"column":26}},"loc":{"start":{"line":274,"column":32},"end":{"line":276,"column":3}},"line":274},"31":{"name":"(anonymous_31)","decl":{"start":{"line":283,"column":0},"end":{"line":283,"column":1}},"loc":{"start":{"line":283,"column":12},"end":{"line":320,"column":1}},"line":283},"32":{"name":"_callee7","decl":{"start":{"line":286,"column":35},"end":{"line":286,"column":43}},"loc":{"start":{"line":286,"column":52},"end":{"line":315,"column":3}},"line":286},"33":{"name":"_callee7$","decl":{"start":{"line":289,"column":44},"end":{"line":289,"column":53}},"loc":{"start":{"line":289,"column":65},"end":{"line":314,"column":5}},"line":289},"34":{"name":"selectAllUser","decl":{"start":{"line":317,"column":18},"end":{"line":317,"column":31}},"loc":{"start":{"line":317,"column":37},"end":{"line":319,"column":3}},"line":317},"35":{"name":"(anonymous_35)","decl":{"start":{"line":326,"column":0},"end":{"line":326,"column":1}},"loc":{"start":{"line":326,"column":12},"end":{"line":363,"column":1}},"line":326},"36":{"name":"_callee8","decl":{"start":{"line":329,"column":35},"end":{"line":329,"column":43}},"loc":{"start":{"line":329,"column":48},"end":{"line":358,"column":3}},"line":329},"37":{"name":"_callee8$","decl":{"start":{"line":332,"column":44},"end":{"line":332,"column":53}},"loc":{"start":{"line":332,"column":65},"end":{"line":357,"column":5}},"line":332},"38":{"name":"selectSessions","decl":{"start":{"line":360,"column":18},"end":{"line":360,"column":32}},"loc":{"start":{"line":360,"column":38},"end":{"line":362,"column":3}},"line":360},"39":{"name":"(anonymous_39)","decl":{"start":{"line":369,"column":0},"end":{"line":369,"column":1}},"loc":{"start":{"line":369,"column":12},"end":{"line":406,"column":1}},"line":369},"40":{"name":"_callee9","decl":{"start":{"line":372,"column":35},"end":{"line":372,"column":43}},"loc":{"start":{"line":372,"column":48},"end":{"line":401,"column":3}},"line":372},"41":{"name":"_callee9$","decl":{"start":{"line":375,"column":44},"end":{"line":375,"column":53}},"loc":{"start":{"line":375,"column":65},"end":{"line":400,"column":5}},"line":375},"42":{"name":"acceptSession","decl":{"start":{"line":403,"column":18},"end":{"line":403,"column":31}},"loc":{"start":{"line":403,"column":37},"end":{"line":405,"column":3}},"line":403},"43":{"name":"(anonymous_43)","decl":{"start":{"line":412,"column":0},"end":{"line":412,"column":1}},"loc":{"start":{"line":412,"column":12},"end":{"line":449,"column":1}},"line":412},"44":{"name":"_callee10","decl":{"start":{"line":415,"column":35},"end":{"line":415,"column":44}},"loc":{"start":{"line":415,"column":49},"end":{"line":444,"column":3}},"line":415},"45":{"name":"_callee10$","decl":{"start":{"line":418,"column":44},"end":{"line":418,"column":54}},"loc":{"start":{"line":418,"column":67},"end":{"line":443,"column":5}},"line":418},"46":{"name":"rejectSession","decl":{"start":{"line":446,"column":18},"end":{"line":446,"column":31}},"loc":{"start":{"line":446,"column":38},"end":{"line":448,"column":3}},"line":446}},"branchMap":{"0":{"loc":{"start":{"line":10,"column":46},"end":{"line":10,"column":94}},"type":"cond-expr","locations":[{"start":{"line":10,"column":70},"end":{"line":10,"column":73}},{"start":{"line":10,"column":76},"end":{"line":10,"column":94}}],"line":10},"1":{"loc":{"start":{"line":10,"column":46},"end":{"line":10,"column":67}},"type":"binary-expr","locations":[{"start":{"line":10,"column":46},"end":{"line":10,"column":49}},{"start":{"line":10,"column":53},"end":{"line":10,"column":67}}],"line":10},"2":{"loc":{"start":{"line":12,"column":176},"end":{"line":12,"column":263}},"type":"if","locations":[{"start":{"line":12,"column":176},"end":{"line":12,"column":263}},{"start":{"line":12,"column":176},"end":{"line":12,"column":263}}],"line":12},"3":{"loc":{"start":{"line":26,"column":8},"end":{"line":47,"column":9}},"type":"switch","locations":[{"start":{"line":27,"column":10},"end":{"line":32,"column":66}},{"start":{"line":34,"column":10},"end":{"line":37,"column":54}},{"start":{"line":39,"column":10},"end":{"line":42,"column":30}},{"start":{"line":44,"column":10},"end":{"line":44,"column":18}},{"start":{"line":45,"column":10},"end":{"line":46,"column":35}}],"line":26},"4":{"loc":{"start":{"line":69,"column":8},"end":{"line":90,"column":9}},"type":"switch","locations":[{"start":{"line":70,"column":10},"end":{"line":75,"column":62}},{"start":{"line":77,"column":10},"end":{"line":80,"column":55}},{"start":{"line":82,"column":10},"end":{"line":85,"column":60}},{"start":{"line":87,"column":10},"end":{"line":87,"column":18}},{"start":{"line":88,"column":10},"end":{"line":89,"column":36}}],"line":69},"5":{"loc":{"start":{"line":112,"column":8},"end":{"line":133,"column":9}},"type":"switch","locations":[{"start":{"line":113,"column":10},"end":{"line":118,"column":62}},{"start":{"line":120,"column":10},"end":{"line":123,"column":55}},{"start":{"line":125,"column":10},"end":{"line":128,"column":60}},{"start":{"line":130,"column":10},"end":{"line":130,"column":18}},{"start":{"line":131,"column":10},"end":{"line":132,"column":36}}],"line":112},"6":{"loc":{"start":{"line":155,"column":8},"end":{"line":182,"column":9}},"type":"switch","locations":[{"start":{"line":156,"column":10},"end":{"line":162,"column":65}},{"start":{"line":164,"column":10},"end":{"line":167,"column":64}},{"start":{"line":169,"column":10},"end":{"line":172,"column":55}},{"start":{"line":174,"column":10},"end":{"line":177,"column":60}},{"start":{"line":179,"column":10},"end":{"line":179,"column":18}},{"start":{"line":180,"column":10},"end":{"line":181,"column":36}}],"line":155},"7":{"loc":{"start":{"line":204,"column":8},"end":{"line":225,"column":9}},"type":"switch","locations":[{"start":{"line":205,"column":10},"end":{"line":210,"column":64}},{"start":{"line":212,"column":10},"end":{"line":215,"column":55}},{"start":{"line":217,"column":10},"end":{"line":220,"column":60}},{"start":{"line":222,"column":10},"end":{"line":222,"column":18}},{"start":{"line":223,"column":10},"end":{"line":224,"column":36}}],"line":204},"8":{"loc":{"start":{"line":247,"column":8},"end":{"line":269,"column":9}},"type":"switch","locations":[{"start":{"line":248,"column":10},"end":{"line":254,"column":66}},{"start":{"line":256,"column":10},"end":{"line":259,"column":55}},{"start":{"line":261,"column":10},"end":{"line":264,"column":31}},{"start":{"line":266,"column":10},"end":{"line":266,"column":18}},{"start":{"line":267,"column":10},"end":{"line":268,"column":36}}],"line":247},"9":{"loc":{"start":{"line":291,"column":8},"end":{"line":312,"column":9}},"type":"switch","locations":[{"start":{"line":292,"column":10},"end":{"line":297,"column":69}},{"start":{"line":299,"column":10},"end":{"line":302,"column":55}},{"start":{"line":304,"column":10},"end":{"line":307,"column":60}},{"start":{"line":309,"column":10},"end":{"line":309,"column":18}},{"start":{"line":310,"column":10},"end":{"line":311,"column":36}}],"line":291},"10":{"loc":{"start":{"line":334,"column":8},"end":{"line":355,"column":9}},"type":"switch","locations":[{"start":{"line":335,"column":10},"end":{"line":340,"column":66}},{"start":{"line":342,"column":10},"end":{"line":345,"column":55}},{"start":{"line":347,"column":10},"end":{"line":350,"column":60}},{"start":{"line":352,"column":10},"end":{"line":352,"column":18}},{"start":{"line":353,"column":10},"end":{"line":354,"column":36}}],"line":334},"11":{"loc":{"start":{"line":377,"column":8},"end":{"line":398,"column":9}},"type":"switch","locations":[{"start":{"line":378,"column":10},"end":{"line":383,"column":65}},{"start":{"line":385,"column":10},"end":{"line":388,"column":55}},{"start":{"line":390,"column":10},"end":{"line":393,"column":60}},{"start":{"line":395,"column":10},"end":{"line":395,"column":18}},{"start":{"line":396,"column":10},"end":{"line":397,"column":36}}],"line":377},"12":{"loc":{"start":{"line":420,"column":8},"end":{"line":441,"column":9}},"type":"switch","locations":[{"start":{"line":421,"column":10},"end":{"line":426,"column":65}},{"start":{"line":428,"column":10},"end":{"line":431,"column":56}},{"start":{"line":433,"column":10},"end":{"line":436,"column":62}},{"start":{"line":438,"column":10},"end":{"line":438,"column":18}},{"start":{"line":439,"column":10},"end":{"line":440,"column":37}}],"line":420}},"s":{"0":1,"1":1,"2":1,"3":1,"4":18,"5":18,"6":18,"7":0,"8":0,"9":18,"10":9,"11":9,"12":10,"13":9,"14":9,"15":9,"16":9,"17":17,"18":1,"19":9,"20":1,"21":1,"22":0,"23":0,"24":0,"25":0,"26":0,"27":0,"28":0,"29":0,"30":0,"31":0,"32":0,"33":0,"34":0,"35":0,"36":0,"37":1,"38":0,"39":1,"40":1,"41":1,"42":3,"43":9,"44":9,"45":3,"46":3,"47":3,"48":3,"49":3,"50":3,"51":3,"52":3,"53":0,"54":0,"55":0,"56":3,"57":1,"58":3,"59":1,"60":1,"61":1,"62":1,"63":3,"64":3,"65":1,"66":1,"67":1,"68":1,"69":1,"70":1,"71":1,"72":1,"73":0,"74":0,"75":0,"76":1,"77":1,"78":1,"79":1,"80":1,"81":1,"82":0,"83":0,"84":0,"85":0,"86":0,"87":0,"88":0,"89":0,"90":0,"91":0,"92":0,"93":0,"94":0,"95":0,"96":0,"97":0,"98":0,"99":0,"100":0,"101":1,"102":0,"103":1,"104":1,"105":1,"106":1,"107":3,"108":3,"109":1,"110":1,"111":1,"112":1,"113":1,"114":1,"115":1,"116":1,"117":0,"118":0,"119":0,"120":1,"121":1,"122":1,"123":1,"124":1,"125":1,"126":1,"127":3,"128":3,"129":1,"130":1,"131":1,"132":1,"133":1,"134":1,"135":1,"136":1,"137":1,"138":0,"139":0,"140":0,"141":1,"142":1,"143":1,"144":1,"145":1,"146":1,"147":1,"148":3,"149":3,"150":1,"151":1,"152":1,"153":1,"154":1,"155":0,"156":0,"157":0,"158":1,"159":1,"160":1,"161":1,"162":1,"163":1,"164":1,"165":1,"166":1,"167":2,"168":6,"169":6,"170":2,"171":2,"172":2,"173":2,"174":2,"175":2,"176":2,"177":2,"178":0,"179":0,"180":0,"181":2,"182":1,"183":2,"184":1,"185":1,"186":1,"187":0,"188":0,"189":0,"190":0,"191":0,"192":0,"193":0,"194":0,"195":0,"196":0,"197":0,"198":0,"199":0,"200":0,"201":0,"202":1,"203":0,"204":1,"205":1,"206":1,"207":0,"208":0,"209":0,"210":0,"211":0,"212":0,"213":0,"214":0,"215":0,"216":0,"217":0,"218":0,"219":0,"220":0,"221":0,"222":1,"223":0,"224":1},"f":{"0":1,"1":18,"2":10,"3":9,"4":9,"5":17,"6":1,"7":1,"8":0,"9":0,"10":0,"11":1,"12":3,"13":9,"14":3,"15":1,"16":1,"17":3,"18":1,"19":1,"20":0,"21":0,"22":0,"23":1,"24":1,"25":3,"26":1,"27":1,"28":1,"29":3,"30":1,"31":1,"32":1,"33":3,"34":1,"35":1,"36":2,"37":6,"38":2,"39":1,"40":0,"41":0,"42":0,"43":1,"44":0,"45":0,"46":0},"b":{"0":[1,0],"1":[1,1],"2":[9,9],"3":[0,0,0,0,0],"4":[3,3,0,0,3],"5":[1,1,0,0,1],"6":[0,0,0,0,0,0],"7":[1,1,0,0,1],"8":[1,1,0,0,1],"9":[1,0,1,0,1],"10":[2,2,0,0,2],"11":[0,0,0,0,0],"12":[0,0,0,0,0]},"_coverageSchema":"43e27e138ebf9cfc5966b082cf9a028302ed4184","hash":"7aae879b21aa8d9801f7391455d5778a17c6fa69","contentHash":"70f41315e12ab8e25d90a7f55bd433b7e9a52133bc0be9c17fdf4c84944477c8"},"/home/cynthia/Documents/Free-Mentors-master/models/sessions.js":{"path":"/home/cynthia/Documents/Free-Mentors-master/models/sessions.js","statementMap":{"0":{"start":{"line":3,"column":0},"end":{"line":5,"column":3}},"1":{"start":{"line":6,"column":0},"end":{"line":6,"column":28}},"2":{"start":{"line":8,"column":10},"end":{"line":8,"column":23}},"3":{"start":{"line":10,"column":14},"end":{"line":10,"column":55}},"4":{"start":{"line":12,"column":39},"end":{"line":12,"column":95}},"5":{"start":{"line":14,"column":0},"end":{"line":14,"column":28}},"6":{"start":{"line":16,"column":11},"end":{"line":18,"column":2}},"7":{"start":{"line":20,"column":12},"end":{"line":28,"column":1}},"8":{"start":{"line":21,"column":2},"end":{"line":27,"column":5}},"9":{"start":{"line":22,"column":4},"end":{"line":26,"column":7}},"10":{"start":{"line":23,"column":6},"end":{"line":23,"column":19}},"11":{"start":{"line":25,"column":6},"end":{"line":25,"column":18}},"12":{"start":{"line":30,"column":15},"end":{"line":30,"column":20}},"13":{"start":{"line":31,"column":0},"end":{"line":31,"column":30}}},"fnMap":{"0":{"name":"_interopRequireDefault","decl":{"start":{"line":12,"column":9},"end":{"line":12,"column":31}},"loc":{"start":{"line":12,"column":37},"end":{"line":12,"column":97}},"line":12},"1":{"name":"query","decl":{"start":{"line":20,"column":21},"end":{"line":20,"column":26}},"loc":{"start":{"line":20,"column":41},"end":{"line":28,"column":1}},"line":20},"2":{"name":"(anonymous_2)","decl":{"start":{"line":21,"column":21},"end":{"line":21,"column":22}},"loc":{"start":{"line":21,"column":48},"end":{"line":27,"column":3}},"line":21},"3":{"name":"(anonymous_3)","decl":{"start":{"line":22,"column":34},"end":{"line":22,"column":35}},"loc":{"start":{"line":22,"column":49},"end":{"line":24,"column":5}},"line":22},"4":{"name":"(anonymous_4)","decl":{"start":{"line":24,"column":16},"end":{"line":24,"column":17}},"loc":{"start":{"line":24,"column":31},"end":{"line":26,"column":5}},"line":24}},"branchMap":{"0":{"loc":{"start":{"line":12,"column":46},"end":{"line":12,"column":94}},"type":"cond-expr","locations":[{"start":{"line":12,"column":70},"end":{"line":12,"column":73}},{"start":{"line":12,"column":76},"end":{"line":12,"column":94}}],"line":12},"1":{"loc":{"start":{"line":12,"column":46},"end":{"line":12,"column":67}},"type":"binary-expr","locations":[{"start":{"line":12,"column":46},"end":{"line":12,"column":49}},{"start":{"line":12,"column":53},"end":{"line":12,"column":67}}],"line":12}},"s":{"0":1,"1":1,"2":1,"3":1,"4":1,"5":1,"6":1,"7":1,"8":12,"9":12,"10":11,"11":1,"12":1,"13":1},"f":{"0":1,"1":12,"2":12,"3":11,"4":1},"b":{"0":[0,1],"1":[1,1]},"_coverageSchema":"43e27e138ebf9cfc5966b082cf9a028302ed4184","hash":"5cec0846c336b7b38b899f3e940485ef6ce466d4","contentHash":"32b2b08d4c671e5698a430631580a06bbaa5a82694aa74b83137c71a97c77d67"},"/home/cynthia/Documents/Free-Mentors-master/controllers/auth.js":{"path":"/home/cynthia/Documents/Free-Mentors-master/controllers/auth.js","statementMap":{"0":{"start":{"line":3,"column":0},"end":{"line":5,"column":3}},"1":{"start":{"line":6,"column":0},"end":{"line":6,"column":28}},"2":{"start":{"line":8,"column":19},"end":{"line":8,"column":51}},"3":{"start":{"line":10,"column":20},"end":{"line":10,"column":67}},"4":{"start":{"line":12,"column":39},"end":{"line":12,"column":95}},"5":{"start":{"line":14,"column":77},"end":{"line":14,"column":175}},"6":{"start":{"line":14,"column":94},"end":{"line":14,"column":107}},"7":{"start":{"line":14,"column":121},"end":{"line":14,"column":131}},"8":{"start":{"line":14,"column":151},"end":{"line":14,"column":165}},"9":{"start":{"line":14,"column":166},"end":{"line":14,"column":173}},"10":{"start":{"line":14,"column":176},"end":{"line":14,"column":263}},"11":{"start":{"line":14,"column":193},"end":{"line":14,"column":208}},"12":{"start":{"line":14,"column":218},"end":{"line":14,"column":261}},"13":{"start":{"line":16,"column":33},"end":{"line":16,"column":387}},"14":{"start":{"line":16,"column":65},"end":{"line":16,"column":69}},"15":{"start":{"line":16,"column":78},"end":{"line":16,"column":87}},"16":{"start":{"line":16,"column":89},"end":{"line":16,"column":384}},"17":{"start":{"line":16,"column":147},"end":{"line":16,"column":167}},"18":{"start":{"line":16,"column":193},"end":{"line":16,"column":264}},"19":{"start":{"line":16,"column":290},"end":{"line":16,"column":360}},"20":{"start":{"line":16,"column":363},"end":{"line":16,"column":380}},"21":{"start":{"line":18,"column":50},"end":{"line":18,"column":151}},"22":{"start":{"line":18,"column":92},"end":{"line":18,"column":149}},"23":{"start":{"line":20,"column":44},"end":{"line":20,"column":315}},"24":{"start":{"line":20,"column":57},"end":{"line":20,"column":58}},"25":{"start":{"line":20,"column":102},"end":{"line":20,"column":110}},"26":{"start":{"line":20,"column":112},"end":{"line":20,"column":167}},"27":{"start":{"line":20,"column":168},"end":{"line":20,"column":199}},"28":{"start":{"line":20,"column":200},"end":{"line":20,"column":254}},"29":{"start":{"line":20,"column":227},"end":{"line":20,"column":254}},"30":{"start":{"line":20,"column":255},"end":{"line":20,"column":313}},"31":{"start":{"line":22,"column":62},"end":{"line":22,"column":131}},"32":{"start":{"line":22,"column":78},"end":{"line":22,"column":131}},"33":{"start":{"line":22,"column":132},"end":{"line":22,"column":193}},"34":{"start":{"line":22,"column":149},"end":{"line":22,"column":193}},"35":{"start":{"line":22,"column":194},"end":{"line":22,"column":213}},"36":{"start":{"line":26,"column":0},"end":{"line":144,"column":3}},"37":{"start":{"line":28,"column":4},"end":{"line":28,"column":42}},"38":{"start":{"line":31,"column":2},"end":{"line":141,"column":6}},"39":{"start":{"line":34,"column":21},"end":{"line":86,"column":9}},"40":{"start":{"line":38,"column":8},"end":{"line":85,"column":37}},"41":{"start":{"line":39,"column":10},"end":{"line":84,"column":11}},"42":{"start":{"line":40,"column":12},"end":{"line":83,"column":13}},"43":{"start":{"line":42,"column":16},"end":{"line":42,"column":34}},"44":{"start":{"line":43,"column":16},"end":{"line":43,"column":34}},"45":{"start":{"line":44,"column":16},"end":{"line":44,"column":62}},"46":{"start":{"line":47,"column":16},"end":{"line":47,"column":39}},"47":{"start":{"line":48,"column":16},"end":{"line":54,"column":26}},"48":{"start":{"line":55,"column":16},"end":{"line":55,"column":39}},"49":{"start":{"line":56,"column":16},"end":{"line":56,"column":51}},"50":{"start":{"line":57,"column":16},"end":{"line":57,"column":34}},"51":{"start":{"line":58,"column":16},"end":{"line":58,"column":30}},"52":{"start":{"line":61,"column":16},"end":{"line":61,"column":44}},"53":{"start":{"line":62,"column":16},"end":{"line":62,"column":36}},"54":{"start":{"line":63,"column":16},"end":{"line":68,"column":18}},"55":{"start":{"line":70,"column":16},"end":{"line":70,"column":64}},"56":{"start":{"line":72,"column":16},"end":{"line":72,"column":35}},"57":{"start":{"line":73,"column":16},"end":{"line":73,"column":22}},"58":{"start":{"line":76,"column":16},"end":{"line":76,"column":35}},"59":{"start":{"line":77,"column":16},"end":{"line":77,"column":51}},"60":{"start":{"line":78,"column":16},"end":{"line":78,"column":34}},"61":{"start":{"line":82,"column":16},"end":{"line":82,"column":39}},"62":{"start":{"line":89,"column":8},"end":{"line":89,"column":47}},"63":{"start":{"line":92,"column":6},"end":{"line":92,"column":20}},"64":{"start":{"line":97,"column":20},"end":{"line":133,"column":9}},"65":{"start":{"line":101,"column":8},"end":{"line":132,"column":21}},"66":{"start":{"line":102,"column":10},"end":{"line":131,"column":11}},"67":{"start":{"line":103,"column":12},"end":{"line":130,"column":13}},"68":{"start":{"line":105,"column":16},"end":{"line":105,"column":35}},"69":{"start":{"line":106,"column":16},"end":{"line":106,"column":69}},"70":{"start":{"line":109,"column":16},"end":{"line":109,"column":40}},"71":{"start":{"line":110,"column":16},"end":{"line":110,"column":39}},"72":{"start":{"line":111,"column":16},"end":{"line":111,"column":52}},"73":{"start":{"line":112,"column":16},"end":{"line":112,"column":35}},"74":{"start":{"line":113,"column":16},"end":{"line":113,"column":30}},"75":{"start":{"line":116,"column":16},"end":{"line":116,"column":46}},"76":{"start":{"line":117,"column":16},"end":{"line":117,"column":45}},"77":{"start":{"line":118,"column":16},"end":{"line":123,"column":18}},"78":{"start":{"line":125,"column":16},"end":{"line":125,"column":67}},"79":{"start":{"line":129,"column":16},"end":{"line":129,"column":40}},"80":{"start":{"line":136,"column":8},"end":{"line":136,"column":46}},"81":{"start":{"line":139,"column":6},"end":{"line":139,"column":20}},"82":{"start":{"line":143,"column":2},"end":{"line":143,"column":24}},"83":{"start":{"line":146,"column":15},"end":{"line":146,"column":29}},"84":{"start":{"line":147,"column":0},"end":{"line":147,"column":30}}},"fnMap":{"0":{"name":"_interopRequireDefault","decl":{"start":{"line":12,"column":9},"end":{"line":12,"column":31}},"loc":{"start":{"line":12,"column":37},"end":{"line":12,"column":97}},"line":12},"1":{"name":"asyncGeneratorStep","decl":{"start":{"line":14,"column":9},"end":{"line":14,"column":27}},"loc":{"start":{"line":14,"column":75},"end":{"line":14,"column":265}},"line":14},"2":{"name":"_asyncToGenerator","decl":{"start":{"line":16,"column":9},"end":{"line":16,"column":26}},"loc":{"start":{"line":16,"column":31},"end":{"line":16,"column":389}},"line":16},"3":{"name":"(anonymous_3)","decl":{"start":{"line":16,"column":40},"end":{"line":16,"column":41}},"loc":{"start":{"line":16,"column":52},"end":{"line":16,"column":386}},"line":16},"4":{"name":"(anonymous_4)","decl":{"start":{"line":16,"column":108},"end":{"line":16,"column":109}},"loc":{"start":{"line":16,"column":135},"end":{"line":16,"column":382}},"line":16},"5":{"name":"_next","decl":{"start":{"line":16,"column":178},"end":{"line":16,"column":183}},"loc":{"start":{"line":16,"column":191},"end":{"line":16,"column":266}},"line":16},"6":{"name":"_throw","decl":{"start":{"line":16,"column":276},"end":{"line":16,"column":282}},"loc":{"start":{"line":16,"column":288},"end":{"line":16,"column":362}},"line":16},"7":{"name":"_classCallCheck","decl":{"start":{"line":18,"column":9},"end":{"line":18,"column":24}},"loc":{"start":{"line":18,"column":48},"end":{"line":18,"column":153}},"line":18},"8":{"name":"_defineProperties","decl":{"start":{"line":20,"column":9},"end":{"line":20,"column":26}},"loc":{"start":{"line":20,"column":42},"end":{"line":20,"column":317}},"line":20},"9":{"name":"_createClass","decl":{"start":{"line":22,"column":9},"end":{"line":22,"column":21}},"loc":{"start":{"line":22,"column":60},"end":{"line":22,"column":215}},"line":22},"10":{"name":"(anonymous_10)","decl":{"start":{"line":26,"column":0},"end":{"line":26,"column":1}},"loc":{"start":{"line":26,"column":12},"end":{"line":144,"column":1}},"line":26},"11":{"name":"AuthController","decl":{"start":{"line":27,"column":11},"end":{"line":27,"column":25}},"loc":{"start":{"line":27,"column":28},"end":{"line":29,"column":3}},"line":27},"12":{"name":"(anonymous_12)","decl":{"start":{"line":33,"column":11},"end":{"line":33,"column":12}},"loc":{"start":{"line":33,"column":23},"end":{"line":93,"column":5}},"line":33},"13":{"name":"_callee","decl":{"start":{"line":36,"column":39},"end":{"line":36,"column":46}},"loc":{"start":{"line":36,"column":66},"end":{"line":86,"column":7}},"line":36},"14":{"name":"_callee$","decl":{"start":{"line":38,"column":48},"end":{"line":38,"column":56}},"loc":{"start":{"line":38,"column":67},"end":{"line":85,"column":9}},"line":38},"15":{"name":"signup","decl":{"start":{"line":88,"column":15},"end":{"line":88,"column":21}},"loc":{"start":{"line":88,"column":31},"end":{"line":90,"column":7}},"line":88},"16":{"name":"(anonymous_16)","decl":{"start":{"line":96,"column":11},"end":{"line":96,"column":12}},"loc":{"start":{"line":96,"column":23},"end":{"line":140,"column":5}},"line":96},"17":{"name":"_callee2","decl":{"start":{"line":99,"column":39},"end":{"line":99,"column":47}},"loc":{"start":{"line":99,"column":67},"end":{"line":133,"column":7}},"line":99},"18":{"name":"_callee2$","decl":{"start":{"line":101,"column":48},"end":{"line":101,"column":57}},"loc":{"start":{"line":101,"column":69},"end":{"line":132,"column":9}},"line":101},"19":{"name":"signin","decl":{"start":{"line":135,"column":15},"end":{"line":135,"column":21}},"loc":{"start":{"line":135,"column":32},"end":{"line":137,"column":7}},"line":135}},"branchMap":{"0":{"loc":{"start":{"line":12,"column":46},"end":{"line":12,"column":94}},"type":"cond-expr","locations":[{"start":{"line":12,"column":70},"end":{"line":12,"column":73}},{"start":{"line":12,"column":76},"end":{"line":12,"column":94}}],"line":12},"1":{"loc":{"start":{"line":12,"column":46},"end":{"line":12,"column":67}},"type":"binary-expr","locations":[{"start":{"line":12,"column":46},"end":{"line":12,"column":49}},{"start":{"line":12,"column":53},"end":{"line":12,"column":67}}],"line":12},"2":{"loc":{"start":{"line":14,"column":176},"end":{"line":14,"column":263}},"type":"if","locations":[{"start":{"line":14,"column":176},"end":{"line":14,"column":263}},{"start":{"line":14,"column":176},"end":{"line":14,"column":263}}],"line":14},"3":{"loc":{"start":{"line":18,"column":50},"end":{"line":18,"column":151}},"type":"if","locations":[{"start":{"line":18,"column":50},"end":{"line":18,"column":151}},{"start":{"line":18,"column":50},"end":{"line":18,"column":151}}],"line":18},"4":{"loc":{"start":{"line":20,"column":136},"end":{"line":20,"column":166}},"type":"binary-expr","locations":[{"start":{"line":20,"column":136},"end":{"line":20,"column":157}},{"start":{"line":20,"column":161},"end":{"line":20,"column":166}}],"line":20},"5":{"loc":{"start":{"line":20,"column":200},"end":{"line":20,"column":254}},"type":"if","locations":[{"start":{"line":20,"column":200},"end":{"line":20,"column":254}},{"start":{"line":20,"column":200},"end":{"line":20,"column":254}}],"line":20},"6":{"loc":{"start":{"line":22,"column":62},"end":{"line":22,"column":131}},"type":"if","locations":[{"start":{"line":22,"column":62},"end":{"line":22,"column":131}},{"start":{"line":22,"column":62},"end":{"line":22,"column":131}}],"line":22},"7":{"loc":{"start":{"line":22,"column":132},"end":{"line":22,"column":193}},"type":"if","locations":[{"start":{"line":22,"column":132},"end":{"line":22,"column":193}},{"start":{"line":22,"column":132},"end":{"line":22,"column":193}}],"line":22},"8":{"loc":{"start":{"line":40,"column":12},"end":{"line":83,"column":13}},"type":"switch","locations":[{"start":{"line":41,"column":14},"end":{"line":44,"column":62}},{"start":{"line":46,"column":14},"end":{"line":58,"column":30}},{"start":{"line":60,"column":14},"end":{"line":73,"column":22}},{"start":{"line":75,"column":14},"end":{"line":78,"column":34}},{"start":{"line":80,"column":14},"end":{"line":80,"column":22}},{"start":{"line":81,"column":14},"end":{"line":82,"column":39}}],"line":40},"9":{"loc":{"start":{"line":103,"column":12},"end":{"line":130,"column":13}},"type":"switch","locations":[{"start":{"line":104,"column":14},"end":{"line":106,"column":69}},{"start":{"line":108,"column":14},"end":{"line":113,"column":30}},{"start":{"line":115,"column":14},"end":{"line":125,"column":67}},{"start":{"line":127,"column":14},"end":{"line":127,"column":22}},{"start":{"line":128,"column":14},"end":{"line":129,"column":40}}],"line":103}},"s":{"0":1,"1":1,"2":1,"3":1,"4":1,"5":0,"6":0,"7":0,"8":0,"9":0,"10":0,"11":0,"12":0,"13":2,"14":0,"15":0,"16":0,"17":0,"18":0,"19":0,"20":0,"21":0,"22":0,"23":1,"24":1,"25":2,"26":2,"27":2,"28":2,"29":2,"30":2,"31":1,"32":0,"33":1,"34":1,"35":1,"36":1,"37":0,"38":1,"39":1,"40":0,"41":0,"42":0,"43":0,"44":0,"45":0,"46":0,"47":0,"48":0,"49":0,"50":0,"51":0,"52":0,"53":0,"54":0,"55":0,"56":0,"57":0,"58":0,"59":0,"60":0,"61":0,"62":0,"63":1,"64":1,"65":0,"66":0,"67":0,"68":0,"69":0,"70":0,"71":0,"72":0,"73":0,"74":0,"75":0,"76":0,"77":0,"78":0,"79":0,"80":0,"81":1,"82":1,"83":1,"84":1},"f":{"0":1,"1":0,"2":2,"3":0,"4":0,"5":0,"6":0,"7":0,"8":1,"9":1,"10":1,"11":0,"12":1,"13":0,"14":0,"15":0,"16":1,"17":0,"18":0,"19":0},"b":{"0":[0,1],"1":[1,1],"2":[0,0],"3":[0,0],"4":[2,2],"5":[2,0],
[...]
[1,0],"6":[0,0,0,0,0]},"_coverageSchema":"43e27e138ebf9cfc5966b082cf9a028302ed4184","hash":"a73907f359ebf313030dee8961de5435348d749e","contentHash":"d9881135a7bfbf6c5b6b4c6b5898cee42b7ec9357a667af059cb80b4be429f9a"},"/home/cynthia/Documents/Free-Mentors-master/middleware/upgrade.js":{"path":"/home/cynthia/Documents/Free-Mentors-master/middleware/upgrade.js","statementMap":{"0":{"start":{"line":3,"column":0},"end":{"line":5,"column":3}},"1":{"start":{"line":6,"column":0},"end":{"line":6,"column":28}},"2":{"start":{"line":8,"column":17},"end":{"line":8,"column":71}},"3":{"start":{"line":10,"column":19},"end":{"line":10,"column":51}},"4":{"start":{"line":12,"column":39},"end":{"line":12,"column":95}},"5":{"start":{"line":14,"column":77},"end":{"line":14,"column":175}},"6":{"start":{"line":14,"column":94},"end":{"line":14,"column":107}},"7":{"start":{"line":14,"column":121},"end":{"line":14,"column":131}},"8":{"start":{"line":14,"column":151},"end":{"line":14,"column":165}},"9":{"start":{"line":14,"column":166},"end":{"line":14,"column":173}},"10":{"start":{"line":14,"column":176},"end":{"line":14,"column":263}},"11":{"start":{"line":14,"column":193},"end":{"line":14,"column":208}},"12":{"start":{"line":14,"column":218},"end":{"line":14,"column":261}},"13":{"start":{"line":16,"column":33},"end":{"line":16,"column":387}},"14":{"start":{"line":16,"column":65},"end":{"line":16,"column":69}},"15":{"start":{"line":16,"column":78},"end":{"line":16,"column":87}},"16":{"start":{"line":16,"column":89},"end":{"line":16,"column":384}},"17":{"start":{"line":16,"column":147},"end":{"line":16,"column":167}},"18":{"start":{"line":16,"column":193},"end":{"line":16,"column":264}},"19":{"start":{"line":16,"column":290},"end":{"line":16,"column":360}},"20":{"start":{"line":16,"column":363},"end":{"line":16,"column":380}},"21":{"start":{"line":18,"column":50},"end":{"line":18,"column":151}},"22":{"start":{"line":18,"column":92},"end":{"line":18,"column":149}},"23":{"start":{"line":20,"column":44},"end":{"line":20,"column":315}},"24":{"start":{"line":20,"column":57},"end":{"line":20,"column":58}},"25":{"start":{"line":20,"column":102},"end":{"line":20,"column":110}},"26":{"start":{"line":20,"column":112},"end":{"line":20,"column":167}},"27":{"start":{"line":20,"column":168},"end":{"line":20,"column":199}},"28":{"start":{"line":20,"column":200},"end":{"line":20,"column":254}},"29":{"start":{"line":20,"column":227},"end":{"line":20,"column":254}},"30":{"start":{"line":20,"column":255},"end":{"line":20,"column":313}},"31":{"start":{"line":22,"column":62},"end":{"line":22,"column":131}},"32":{"start":{"line":22,"column":78},"end":{"line":22,"column":131}},"33":{"start":{"line":22,"column":132},"end":{"line":22,"column":193}},"34":{"start":{"line":22,"column":149},"end":{"line":22,"column":193}},"35":{"start":{"line":22,"column":194},"end":{"line":22,"column":213}},"36":{"start":{"line":26,"column":0},"end":{"line":98,"column":3}},"37":{"start":{"line":28,"column":4},"end":{"line":28,"column":35}},"38":{"start":{"line":31,"column":2},"end":{"line":95,"column":6}},"39":{"start":{"line":34,"column":29},"end":{"line":87,"column":9}},"40":{"start":{"line":38,"column":8},"end":{"line":86,"column":36}},"41":{"start":{"line":39,"column":10},"end":{"line":85,"column":11}},"42":{"start":{"line":40,"column":12},"end":{"line":84,"column":13}},"43":{"start":{"line":42,"column":16},"end":{"line":45,"column":17}},"44":{"start":{"line":43,"column":18},"end":{"line":43,"column":37}},"45":{"start":{"line":44,"column":18},"end":{"line":44,"column":24}},"46":{"start":{"line":47,"column":16},"end":{"line":47,"column":34}},"47":{"start":{"line":48,"column":16},"end":{"line":48,"column":34}},"48":{"start":{"line":49,"column":16},"end":{"line":49,"column":75}},"49":{"start":{"line":52,"column":16},"end":{"line":52,"column":44}},"50":{"start":{"line":54,"column":16},"end":{"line":61,"column":17}},"51":{"start":{"line":55,"column":18},"end":{"line":55,"column":25}},"52":{"start":{"line":57,"column":18},"end":{"line":60,"column":21}},"53":{"start":{"line":63,"column":16},"end":{"line":63,"column":35}},"54":{"start":{"line":64,"column":16},"end":{"line":64,"column":22}},"55":{"start":{"line":67,"column":16},"end":{"line":67,"column":34}},"56":{"start":{"line":68,"column":16},"end":{"line":68,"column":51}},"57":{"start":{"line":69,"column":16},"end":{"line":69,"column":34}},"58":{"start":{"line":72,"column":16},"end":{"line":72,"column":35}},"59":{"start":{"line":73,"column":16},"end":{"line":73,"column":22}},"60":{"start":{"line":76,"column":16},"end":{"line":79,"column":19}},"61":{"start":{"line":83,"column":16},"end":{"line":83,"column":39}},"62":{"start":{"line":90,"column":8},"end":{"line":90,"column":55}},"63":{"start":{"line":93,"column":6},"end":{"line":93,"column":29}},"64":{"start":{"line":97,"column":2},"end":{"line":97,"column":17}},"65":{"start":{"line":100,"column":15},"end":{"line":100,"column":22}},"66":{"start":{"line":101,"column":0},"end":{"line":101,"column":30}}},"fnMap":{"0":{"name":"_interopRequireDefault","decl":{"start":{"line":12,"column":9},"end":{"line":12,"column":31}},"loc":{"start":{"line":12,"column":37},"end":{"line":12,"column":97}},"line":12},"1":{"name":"asyncGeneratorStep","decl":{"start":{"line":14,"column":9},"end":{"line":14,"column":27}},"loc":{"start":{"line":14,"column":75},"end":{"line":14,"column":265}},"line":14},"2":{"name":"_asyncToGenerator","decl":{"start":{"line":16,"column":9},"end":{"line":16,"column":26}},"loc":{"start":{"line":16,"column":31},"end":{"line":16,"column":389}},"line":16},"3":{"name":"(anonymous_3)","decl":{"start":{"line":16,"column":40},"end":{"line":16,"column":41}},"loc":{"start":{"line":16,"column":52},"end":{"line":16,"column":386}},"line":16},"4":{"name":"(anonymous_4)","decl":{"start":{"line":16,"column":108},"end":{"line":16,"column":109}},"loc":{"start":{"line":16,"column":135},"end":{"line":16,"column":382}},"line":16},"5":{"name":"_next","decl":{"start":{"line":16,"column":178},"end":{"line":16,"column":183}},"loc":{"start":{"line":16,"column":191},"end":{"line":16,"column":266}},"line":16},"6":{"name":"_throw","decl":{"start":{"line":16,"column":276},"end":{"line":16,"column":282}},"loc":{"start":{"line":16,"column":288},"end":{"line":16,"column":362}},"line":16},"7":{"name":"_classCallCheck","decl":{"start":{"line":18,"column":9},"end":{"line":18,"column":24}},"loc":{"start":{"line":18,"column":48},"end":{"line":18,"column":153}},"line":18},"8":{"name":"_defineProperties","decl":{"start":{"line":20,"column":9},"end":{"line":20,"column":26}},"loc":{"start":{"line":20,"column":42},"end":{"line":20,"column":317}},"line":20},"9":{"name":"_createClass","decl":{"start":{"line":22,"column":9},"end":{"line":22,"column":21}},"loc":{"start":{"line":22,"column":60},"end":{"line":22,"column":215}},"line":22},"10":{"name":"(anonymous_10)","decl":{"start":{"line":26,"column":0},"end":{"line":26,"column":1}},"loc":{"start":{"line":26,"column":12},"end":{"line":98,"column":1}},"line":26},"11":{"name":"Upgrade","decl":{"start":{"line":27,"column":11},"end":{"line":27,"column":18}},"loc":{"start":{"line":27,"column":21},"end":{"line":29,"column":3}},"line":27},"12":{"name":"(anonymous_12)","decl":{"start":{"line":33,"column":11},"end":{"line":33,"column":12}},"loc":{"start":{"line":33,"column":23},"end":{"line":94,"column":5}},"line":33},"13":{"name":"_callee","decl":{"start":{"line":36,"column":39},"end":{"line":36,"column":46}},"loc":{"start":{"line":36,"column":72},"end":{"line":87,"column":7}},"line":36},"14":{"name":"_callee$","decl":{"start":{"line":38,"column":48},"end":{"line":38,"column":56}},"loc":{"start":{"line":38,"column":67},"end":{"line":86,"column":9}},"line":38},"15":{"name":"upgradeToMentor","decl":{"start":{"line":89,"column":15},"end":{"line":89,"column":30}},"loc":{"start":{"line":89,"column":45},"end":{"line":91,"column":7}},"line":89}},"branchMap":{"0":{"loc":{"start":{"line":12,"column":46},"end":{"line":12,"column":94}},"type":"cond-expr","locations":[{"start":{"line":12,"column":70},"end":{"line":12,"column":73}},{"start":{"line":12,"column":76},"end":{"line":12,"column":94}}],"line":12},"1":{"loc":{"start":{"line":12,"column":46},"end":{"line":12,"column":67}},"type":"binary-expr","locations":[{"start":{"line":12,"column":46},"end":{"line":12,"column":49}},{"start":{"line":12,"column":53},"end":{"line":12,"column":67}}],"line":12},"2":{"loc":{"start":{"line":14,"column":176},"end":{"line":14,"column":263}},"type":"if","locations":[{"start":{"line":14,"column":176},"end":{"line":14,"column":263}},{"start":{"line":14,"column":176},"end":{"line":14,"column":263}}],"line":14},"3":{"loc":{"start":{"line":18,"column":50},"end":{"line":18,"column":151}},"type":"if","locations":[{"start":{"line":18,"column":50},"end":{"line":18,"column":151}},{"start":{"line":18,"column":50},"end":{"line":18,"column":151}}],"line":18},"4":{"loc":{"start":{"line":20,"column":136},"end":{"line":20,"column":166}},"type":"binary-expr","locations":[{"start":{"line":20,"column":136},"end":{"line":20,"column":157}},{"start":{"line":20,"column":161},"end":{"line":20,"column":166}}],"line":20},"5":{"loc":{"start":{"line":20,"column":200},"end":{"line":20,"column":254}},"type":"if","locations":[{"start":{"line":20,"column":200},"end":{"line":20,"column":254}},{"start":{"line":20,"column":200},"end":{"line":20,"column":254}}],"line":20},"6":{"loc":{"start":{"line":22,"column":62},"end":{"line":22,"column":131}},"type":"if","locations":[{"start":{"line":22,"column":62},"end":{"line":22,"column":131}},{"start":{"line":22,"column":62},"end":{"line":22,"column":131}}],"line":22},"7":{"loc":{"start":{"line":22,"column":132},"end":{"line":22,"column":193}},"type":"if","locations":[{"start":{"line":22,"column":132},"end":{"line":22,"column":193}},{"start":{"line":22,"column":132},"end":{"line":22,"column":193}}],"line":22},"8":{"loc":{"start":{"line":40,"column":12},"end":{"line":84,"column":13}},"type":"switch","locations":[{"start":{"line":41,"column":14},"end":{"line":49,"column":75}},{"start":{"line":51,"column":14},"end":{"line":64,"column":22}},{"start":{"line":66,"column":14},"end":{"line":69,"column":34}},{"start":{"line":71,"column":14},"end":{"line":73,"column":22}},{"start":{"line":75,"column":14},"end":{"line":79,"column":19}},{"start":{"line":81,"column":14},"end":{"line":81,"column":22}},{"start":{"line":82,"column":14},"end":{"line":83,"column":39}}],"line":40},"9":{"loc":{"start":{"line":42,"column":16},"end":{"line":45,"column":17}},"type":"if","locations":[{"start":{"line":42,"column":16},"end":{"line":45,"column":17}},{"start":{"line":42,"column":16},"end":{"line":45,"column":17}}],"line":42},"10":{"loc":{"start":{"line":54,"column":16},"end":{"line":61,"column":17}},"type":"if","locations":[{"start":{"line":54,"column":16},"end":{"line":61,"column":17}},{"start":{"line":54,"column":16},"end":{"line":61,"column":17}}],"line":54}},"s":{"0":1,"1":1,"2":1,"3":1,"4":1,"5":2,"6":2,"7":2,"8":0,"9":0,"10":2,"11":1,"12":1,"13":1,"14":1,"15":1,"16":1,"17":1,"18":2,"19":0,"20":1,"21":0,"22":0,"23":1,"24":1,"25":1,"26":1,"27":1,"28":1,"29":1,"30":1,"31":1,"32":0,"33":1,"34":1,"35":1,"36":1,"37":0,"38":1,"39":1,"40":1,"41":2,"42":4,"43":1,"44":0,"45":0,"46":1,"47":1,"48":1,"49":1,"50":1,"51":0,"52":1,"53":1,"54":1,"55":0,"56":0,"57":0,"58":1,"59":1,"60":0,"61":1,"62":1,"63":1,"64":1,"65":1,"66":1},"f":{"0":1,"1":2,"2":1,"3":1,"4":1,"5":2,"6":0,"7":0,"8":1,"9":1,"10":1,"11":0,"12":1,"13":1,"14":2,"15":1},"b":{"0":[0,1],"1":[1,1],"2":[1,1],"3":[0,0],"4":[1,1],"5":[1,0],"6":[0,1],"7":[1,0],"8":[1,1,0,1,0,1,1],"9":[0,1],"10":[0,1]},"_coverageSchema":"43e27e138ebf9cfc5966b082cf9a028302ed4184","hash":"a992daffcc9a53bfb3bb01431e38933168d8447e","contentHash":"d37f564e479e0da789f5a0e8c472aa7e701edd91c489c5cecdff20f4e4eccee7"},"/home/cynthia/Documents/Free-Mentors-master/db.js":{"path":"/home/cynthia/Documents/Free-Mentors-master/db.js","statementMap":{"0":{"start":{"line":3,"column":0},"end":{"line":5,"column":3}},"1":{"start":{"line":6,"column":0},"end":{"line":6,"column":28}},"2":{"start":{"line":8,"column":10},"end":{"line":8,"column":23}},"3":{"start":{"line":10,"column":14},"end":{"line":10,"column":55}},"4":{"start":{"line":12,"column":39},"end":{"line":12,"column":95}},"5":{"start":{"line":14,"column":0},"end":{"line":14,"column":28}},"6":{"start":{"line":18,"column":0},"end":{"line":23,"column":1}},"7":{"start":{"line":19,"column":2},"end":{"line":21,"column":5}},"8":{"start":{"line":22,"column":2},"end":{"line":22,"column":20}},"9":{"start":{"line":25,"column":0},"end":{"line":27,"column":3}},"10":{"start":{"line":28,"column":0},"end":{"line":30,"column":3}},"11":{"start":{"line":29,"column":2},"end":{"line":29,"column":37}},"12":{"start":{"line":32,"column":23},"end":{"line":39,"column":1}},"13":{"start":{"line":33,"column":18},"end":{"line":33,"column":432}},"14":{"start":{"line":34,"column":2},"end":{"line":38,"column":5}},"15":{"start":{"line":35,"column":4},"end":{"line":35,"column":21}},"16":{"start":{"line":37,"column":4},"end":{"line":37,"column":21}},"17":{"start":{"line":41,"column":26},"end":{"line":48,"column":1}},"18":{"start":{"line":42,"column":18},"end":{"line":42,"column":274}},"19":{"start":{"line":43,"column":2},"end":{"line":47,"column":5}},"20":{"start":{"line":44,"column":4},"end":{"line":44,"column":21}},"21":{"start":{"line":46,"column":4},"end":{"line":46,"column":21}},"22":{"start":{"line":50,"column":25},"end":{"line":57,"column":1}},"23":{"start":{"line":51,"column":18},"end":{"line":51,"column":318}},"24":{"start":{"line":52,"column":2},"end":{"line":56,"column":5}},"25":{"start":{"line":53,"column":4},"end":{"line":53,"column":21}},"26":{"start":{"line":55,"column":4},"end":{"line":55,"column":21}},"27":{"start":{"line":59,"column":21},"end":{"line":66,"column":1}},"28":{"start":{"line":60,"column":18},"end":{"line":60,"column":46}},"29":{"start":{"line":61,"column":2},"end":{"line":65,"column":5}},"30":{"start":{"line":62,"column":4},"end":{"line":62,"column":21}},"31":{"start":{"line":64,"column":4},"end":{"line":64,"column":21}},"32":{"start":{"line":68,"column":24},"end":{"line":75,"column":1}},"33":{"start":{"line":69,"column":18},"end":{"line":69,"column":49}},"34":{"start":{"line":70,"column":2},"end":{"line":74,"column":5}},"35":{"start":{"line":71,"column":4},"end":{"line":71,"column":21}},"36":{"start":{"line":73,"column":4},"end":{"line":73,"column":21}},"37":{"start":{"line":77,"column":23},"end":{"line":84,"column":1}},"38":{"start":{"line":78,"column":18},"end":{"line":78,"column":49}},"39":{"start":{"line":79,"column":2},"end":{"line":83,"column":5}},"40":{"start":{"line":80,"column":4},"end":{"line":80,"column":21}},"41":{"start":{"line":82,"column":4},"end":{"line":82,"column":21}},"42":{"start":{"line":90,"column":15},"end":{"line":95,"column":1}},"43":{"start":{"line":96,"column":0},"end":{"line":96,"column":30}}},"fnMap":{"0":{"name":"_interopRequireDefault","decl":{"start":{"line":12,"column":9},"end":{"line":12,"column":31}},"loc":{"start":{"line":12,"column":37},"end":{"line":12,"column":97}},"line":12},"1":{"name":"(anonymous_1)","decl":{"start":{"line":28,"column":19},"end":{"line":28,"column":20}},"loc":{"start":{"line":28,"column":31},"end":{"line":30,"column":1}},"line":28},"2":{"name":"createUsersTable","decl":{"start":{"line":32,"column":32},"end":{"line":32,"column":48}},"loc":{"start":{"line":32,"column":51},"end":{"line":39,"column":1}},"line":32},"3":{"name":"(anonymous_3)","decl":{"start":{"line":34,"column":29},"end":{"line":34,"column":30}},"loc":{"start":{"line":34,"column":44},"end":{"line":36,"column":3}},"line":34},"4":{"name":"(anonymous_4)","decl":{"start":{"line":36,"column":14},"end":{"line":36,"column":15}},"loc":{"start":{"line":36,"column":29},"end":{"line":38,"column":3}},"line":36},"5":{"name":"createSessionsTable","decl":{"start":{"line":41,"column":35},"end":{"line":41,"column":54}},"loc":{"start":{"line":41,"column":57},"end":{"line":48,"column":1}},"line":41},"6":{"name":"(anonymous_6)","decl":{"start":{"line":43,"column":29},"end":{"line":43,"column":30}},"loc":{"start":{"line":43,"column":44},"end":{"line":45,"column":3}},"line":43},"7":{"name":"(anonymous_7)","decl":{"start":{"line":45,"column":14},"end":{"line":45,"column":15}},"loc":{"start":{"line":45,"column":29},"end":{"line":47,"column":3}},"line":45},"8":{"name":"createReviewsTable","decl":{"start":{"line":50,"column":34},"end":{"line":50,"column":52}},"loc":{"start":{"line":50,"column":55},"end":{"line":57,"column":1}},"line":50},"9":{"name":"(anonymous_9)","decl":{"start":{"line":52,"column":29},"end":{"line":52,"column":30}},"loc":{"start":{"line":52,"column":44},"end":{"line":54,"column":3}},"line":52},"10":{"name":"(anonymous_10)","decl":{"start":{"line":54,"column":14},"end":{"line":54,"column":15}},"loc":{"start":{"line":54,"column":29},"end":{"line":56,"column":3}},"line":54},"11":{"name":"dropUsersTable","decl":{"start":{"line":59,"column":30},"end":{"line":59,"column":44}},"loc":{"start":{"line":59,"column":47},"end":{"line":66,"column":1}},"line":59},"12":{"name":"(anonymous_12)","decl":{"start":{"line":61,"column":29},"end":{"line":61,"column":30}},"loc":{"start":{"line":61,"column":44},"end":{"line":63,"column":3}},"line":61},"13":{"name":"(anonymous_13)","decl":{"start":{"line":63,"column":14},"end":{"line":63,"column":15}},"loc":{"start":{"line":63,"column":29},"end":{"line":65,"column":3}},"line":63},"14":{"name":"dropSessionsTable","decl":{"start":{"line":68,"column":33},"end":{"line":68,"column":50}},"loc":{"start":{"line":68,"column":53},"end":{"line":75,"column":1}},"line":68},"15":{"name":"(anonymous_15)","decl":{"start":{"line":70,"column":29},"end":{"line":70,"column":30}},"loc":{"start":{"line":70,"column":44},"end":{"line":72,"column":3}},"line":70},"16":{"name":"(anonymous_16)","decl":{"start":{"line":72,"column":14},"end":{"line":72,"column":15}},"loc":{"start":{"line":72,"column":29},"end":{"line":74,"column":3}},"line":72},"17":{"name":"dropReviewsTable","decl":{"start":{"line":77,"column":32},"end":{"line":77,"column":48}},"loc":{"start":{"line":77,"column":51},"end":{"line":84,"column":1}},"line":77},"18":{"name":"(anonymous_18)","decl":{"start":{"line":79,"column":29},"end":{"line":79,"column":30}},"loc":{"start":{"line":79,"column":44},"end":{"line":81,"column":3}},"line":79},"19":{"name":"(anonymous_19)","decl":{"start":{"line":81,"column":14},"end":{"line":81,"column":15}},"loc":{"start":{"line":81,"column":29},"end":{"line":83,"column":3}},"line":81}},"branchMap":{"0":{"loc":{"start":{"line":12,"column":46},"end":{"line":12,"column":94}},"type":"cond-expr","locations":[{"start":{"line":12,"column":70},"end":{"line":12,"column":73}},{"start":{"line":12,"column":76},"end":{"line":12,"column":94}}],"line":12},"1":{"loc":{"start":{"line":12,"column":46},"end":{"line":12,"column":67}},"type":"binary-expr","locations":[{"start":{"line":12,"column":46},"end":{"line":12,"column":49}},{"start":{"line":12,"column":53},"end":{"line":12,"column":67}}],"line":12},"2":{"loc":{"start":{"line":18,"column":0},"end":{"line":23,"column":1}},"type":"if","locations":[{"start":{"line":18,"column":0},"end":{"line":23,"column":1}},{"start":{"line":18,"column":0},"end":{"line":23,"column":1}}],"line":18}},"s":{"0":1,"1":1,"2":1,"3":1,"4":1,"5":1,"6":1,"7":1,"8":1,"9":1,"10":1,"11":2,"12":1,"13":1,"14":1,"15":1,"16":0,"17":1,"18":1,"19":1,"20":1,"21":0,"22":1,"23":0,"24":0,"25":0,"26":0,"27":1,"28":0,"29":0,"30":0,"31":0,"32":1,"33":0,"34":0,"35":0,"36":0,"37":1,"38":0,"39":0,"40":0,"41":0,"42":1,"43":1},"f":{"0":1,"1":2,"2":1,"3":1,"4":0,"5":1,"6":1,"7":0,"8":0,"9":0,"10":0,"11":0,"12":0,"13":0,"14":0,"15":0,"16":0,"17":0,"18":0,"19":0},"b":{"0":[0,1],"1":[1,1],"2":[1,0]},"_coverageSchema":"43e27e138ebf9cfc5966b082cf9a028302ed4184","hash":"90d0909f40d73d095056ff438008ba3e02140018","contentHash":"15f6251b0e270d71de0091478c5a2b57df0ba9058e48c2b35493271ada312831"}}